<?xml version="1.0" encoding="UTF-8"?>
<testsuite xmlns:xsi="http://www.w3.org/2001/XMLSchema-instance" xsi:noNamespaceSchemaLocation="https://maven.apache.org/surefire/maven-surefire-plugin/xsd/surefire-test-report.xsd" name="org.jboss.as.controller.test.CastAttributeOperationTestCase" time="0.925" tests="5" errors="0" skipped="0" failures="0">
  <properties>
[...]
</properties>
  <testcase name="testWriteBooleanAttribute" classname="org.jboss.as.controller.test.CastAttributeOperationTestCase" time="0.812"/>
  <testcase name="testWriteExpressionAttribute" classname="org.jboss.as.controller.test.CastAttributeOperationTestCase" time="0.018"/>
  <testcase name="testWriteIntAttribute" classname="org.jboss.as.controller.test.CastAttributeOperationTestCase" time="0.016"/>
  <testcase name="testWriteBigIntAttribute" classname="org.jboss.as.controller.test.CastAttributeOperationTestCase" time="0.037"/>
  <testcase name="testWriteBigDecimalAttribute" classname="org.jboss.as.controller.test.CastAttributeOperationTestCase" time="0.037"/>
</testsuite>