<?xml version="1.0" encoding="UTF-8"?>
<testsuite xmlns:xsi="http://www.w3.org/2001/XMLSchema-instance" xsi:noNamespaceSchemaLocation="https://maven.apache.org/surefire/maven-surefire-plugin/xsd/surefire-test-report.xsd" name="org.wildfly.core.launcher.CommandBuilderTest" time="0.013" tests="4" errors="0" skipped="0" failures="0">
  <properties>
[...]
</properties>
  <testcase name="testArguments" classname="org.wildfly.core.launcher.CommandBuilderTest" time="0.004"/>
  <testcase name="testDomainBuilder" classname="org.wildfly.core.launcher.CommandBuilderTest" time="0.004"/>
  <testcase name="testCliBuilder" classname="org.wildfly.core.launcher.CommandBuilderTest" time="0.001"/>
  <testcase name="testStandaloneBuilder" classname="org.wildfly.core.launcher.CommandBuilderTest" time="0.003"/>
</testsuite>