Oct 03, 2018 5:10:30 PM org.jboss.msc.service.ServiceContainerImpl <clinit>
INFO: JBoss MSC version 1.4.5.Final
Oct 03, 2018 5:10:31 PM org.jboss.threads.Version <clinit>
INFO: JBoss Threads version 2.3.2.Final
Oct 03, 2018 5:10:31 PM org.jboss.as.server.ServerEnvironment <init>
ERROR: WFLYSRV0024: Cannot add module 'org.jboss.vfs' as URLStreamHandlerFactory provider
org.jboss.modules.ModuleNotFoundException: org.jboss.vfs
	at org.jboss.modules.ModuleLoader.loadModule(ModuleLoader.java:294)
	at org.jboss.as.server.ServerEnvironment.<init>(ServerEnvironment.java:629)
	at org.jboss.as.server.ServerEnvironment.<init>(ServerEnvironment.java:335)
	at org.jboss.as.core.model.test.TestModelControllerService.createStandaloneServerEnvironment(TestModelControllerService.java:212)
	at org.jboss.as.core.model.test.TestModelControllerService.access$400(TestModelControllerService.java:111)
	at org.jboss.as.core.model.test.TestModelControllerService$ServerInitializer.<init>(TestModelControllerService.java:410)
	at org.jboss.as.core.model.test.TestModelControllerService$ServerInitializer.<init>(TestModelControllerService.java:408)
	at org.jboss.as.core.model.test.TestModelControllerService.<init>(TestModelControllerService.java:141)
	at org.jboss.as.core.model.test.TestModelControllerService.create(TestModelControllerService.java:151)
	at org.jboss.as.core.model.test.AbstractKernelServicesImpl$StandardTestModelControllerServiceFactory.create(AbstractKernelServicesImpl.java:168)
	at org.jboss.as.core.model.test.AbstractKernelServicesImpl.create(AbstractKernelServicesImpl.java:112)
	at org.jboss.as.core.model.test.CoreModelTestDelegate$KernelServicesBuilderImpl.build(CoreModelTestDelegate.java:534)
	at org.jboss.as.core.model.test.deployment.StandaloneDeploymentTestCase.createKernelServices(StandaloneDeploymentTestCase.java:898)
	at org.jboss.as.core.model.test.deployment.StandaloneDeploymentTestCase.testUnmanagedDeploymentAbsolutePath(StandaloneDeploymentTestCase.java:226)
	at sun.reflect.NativeMethodAccessorImpl.invoke0(Native Method)
	at sun.reflect.NativeMethodAccessorImpl.invoke(NativeMethodAccessorImpl.java:90)
	at sun.reflect.DelegatingMethodAccessorImpl.invoke(DelegatingMethodAccessorImpl.java:55)
	at java.lang.reflect.Method.invoke(Method.java:508)
	at org.junit.runners.model.FrameworkMethod$1.runReflectiveCall(FrameworkMethod.java:50)
	at org.junit.internal.runners.model.ReflectiveCallable.run(ReflectiveCallable.java:12)
	at org.junit.runners.model.FrameworkMethod.invokeExplosively(FrameworkMethod.java:47)
	at org.junit.internal.runners.statements.InvokeMethod.evaluate(InvokeMethod.java:17)
	at org.junit.internal.runners.statements.RunBefores.evaluate(RunBefores.java:26)
	at org.junit.internal.runners.statements.RunAfters.evaluate(RunAfters.java:27)
	at org.junit.runners.ParentRunner.runLeaf(ParentRunner.java:325)
	at org.junit.runners.BlockJUnit4ClassRunner.runChild(BlockJUnit4ClassRunner.java:78)
	at org.junit.runners.BlockJUnit4ClassRunner.runChild(BlockJUnit4ClassRunner.java:57)
	at org.junit.runners.ParentRunner$3.run(ParentRunner.java:290)
	at org.junit.runners.ParentRunner$1.schedule(ParentRunner.java:71)
	at org.junit.runners.ParentRunner.runChildren(ParentRunner.java:288)
	at org.junit.runners.ParentRunner.access$000(ParentRunner.java:58)
	at org.junit.runners.ParentRunner$2.evaluate(ParentRunner.java:268)
	at org.junit.runners.ParentRunner.run(ParentRunner.java:363)
	at org.junit.runners.Suite.runChild(Suite.java:128)
	at org.junit.runners.Suite.runChild(Suite.java:27)
	at org.junit.runners.ParentRunner$3.run(ParentRunner.java:290)
	at org.junit.runners.ParentRunner$1.schedule(ParentRunner.java:71)
	at org.junit.runners.ParentRunner.runChildren(ParentRunner.java:288)
	at org.junit.runners.ParentRunner.access$000(ParentRunner.java:58)
	at org.junit.runners.ParentRunner$2.evaluate(ParentRunner.java:268)
	at org.junit.runners.ParentRunner.run(ParentRunner.java:363)
	at org.apache.maven.surefire.junitcore.JUnitCore.run(JUnitCore.java:55)
	at org.apache.maven.surefire.junitcore.JUnitCoreWrapper.createRequestAndRun(JUnitCoreWrapper.java:137)
	at org.apache.maven.surefire.junitcore.JUnitCoreWrapper.executeEager(JUnitCoreWrapper.java:107)
	at org.apache.maven.surefire.junitcore.JUnitCoreWrapper.execute(JUnitCoreWrapper.java:83)
	at org.apache.maven.surefire.junitcore.JUnitCoreWrapper.execute(JUnitCoreWrapper.java:75)
	at org.apache.maven.surefire.junitcore.JUnitCoreProvider.invoke(JUnitCoreProvider.java:158)
	at org.apache.maven.surefire.booter.ForkedBooter.invokeProviderInSameClassLoader(ForkedBooter.java:383)
	at org.apache.maven.surefire.booter.ForkedBooter.runSuitesInProcess(ForkedBooter.java:344)
	at org.apache.maven.surefire.booter.ForkedBooter.execute(ForkedBooter.java:125)
	at org.apache.maven.surefire.booter.ForkedBooter.main(ForkedBooter.java:417)

Oct 03, 2018 5:10:33 PM org.jboss.as.server.ServerEnvironment <init>
ERROR: WFLYSRV0024: Cannot add module 'org.jboss.vfs' as URLStreamHandlerFactory provider
org.jboss.modules.ModuleNotFoundException: org.jboss.vfs
	at org.jboss.modules.ModuleLoader.loadModule(ModuleLoader.java:294)
	at org.jboss.as.server.ServerEnvironment.<init>(ServerEnvironment.java:629)
	at org.jboss.as.server.ServerEnvironment.<init>(ServerEnvironment.java:335)
	at org.jboss.as.core.model.test.TestModelControllerService.createStandaloneServerEnvironment(TestModelControllerService.java:212)
	at org.jboss.as.core.model.test.TestModelControllerService.access$400(TestModelControllerService.java:111)
	at org.jboss.as.core.model.test.TestModelControllerService$ServerInitializer.<init>(TestModelControllerService.java:410)
	at org.jboss.as.core.model.test.TestModelControllerService$ServerInitializer.<init>(TestModelControllerService.java:408)
	at org.jboss.as.core.model.test.TestModelControllerService.<init>(TestModelControllerService.java:141)
	at org.jboss.as.core.model.test.TestModelControllerService.create(TestModelControllerService.java:151)
	at org.jboss.as.core.model.test.AbstractKernelServicesImpl$StandardTestModelControllerServiceFactory.create(AbstractKernelServicesImpl.java:168)
	at org.jboss.as.core.model.test.AbstractKernelServicesImpl.create(AbstractKernelServicesImpl.java:112)
	at org.jboss.as.core.model.test.CoreModelTestDelegate$KernelServicesBuilderImpl.build(CoreModelTestDelegate.java:534)
	at org.jboss.as.core.model.test.deployment.StandaloneDeploymentTestCase.createKernelServices(StandaloneDeploymentTestCase.java:898)
	at org.jboss.as.core.model.test.deployment.StandaloneDeploymentTestCase.testDeploymentWithDifferentEnabledRuntimeNameAndPersistentSettings(StandaloneDeploymentTestCase.java:124)
	at sun.reflect.NativeMethodAccessorImpl.invoke0(Native Method)
	at sun.reflect.NativeMethodAccessorImpl.invoke(NativeMethodAccessorImpl.java:90)
	at sun.reflect.DelegatingMethodAccessorImpl.invoke(DelegatingMethodAccessorImpl.java:55)
	at java.lang.reflect.Method.invoke(Method.java:508)
	at org.junit.runners.model.FrameworkMethod$1.runReflectiveCall(FrameworkMethod.java:50)
	at org.junit.internal.runners.model.ReflectiveCallable.run(ReflectiveCallable.java:12)
	at org.junit.runners.model.FrameworkMethod.invokeExplosively(FrameworkMethod.java:47)
	at org.junit.internal.runners.statements.InvokeMethod.evaluate(InvokeMethod.java:17)
	at org.junit.internal.runners.statements.RunBefores.evaluate(RunBefores.java:26)
	at org.junit.internal.runners.statements.RunAfters.evaluate(RunAfters.java:27)
	at org.junit.runners.ParentRunner.runLeaf(ParentRunner.java:325)
	at org.junit.runners.BlockJUnit4ClassRunner.runChild(BlockJUnit4ClassRunner.java:78)
	at org.junit.runners.BlockJUnit4ClassRunner.runChild(BlockJUnit4ClassRunner.java:57)
	at org.junit.runners.ParentRunner$3.run(ParentRunner.java:290)
	at org.junit.runners.ParentRunner$1.schedule(ParentRunner.java:71)
	at org.junit.runners.ParentRunner.runChildren(ParentRunner.java:288)
	at org.junit.runners.ParentRunner.access$000(ParentRunner.java:58)
	at org.junit.runners.ParentRunner$2.evaluate(ParentRunner.java:268)
	at org.junit.runners.ParentRunner.run(ParentRunner.java:363)
	at org.junit.runners.Suite.runChild(Suite.java:128)
	at org.junit.runners.Suite.runChild(Suite.java:27)
	at org.junit.runners.ParentRunner$3.run(ParentRunner.java:290)
	at org.junit.runners.ParentRunner$1.schedule(ParentRunner.java:71)
	at org.junit.runners.ParentRunner.runChildren(ParentRunner.java:288)
	at org.junit.runners.ParentRunner.access$000(ParentRunner.java:58)
	at org.junit.runners.ParentRunner$2.evaluate(ParentRunner.java:268)
	at org.junit.runners.ParentRunner.run(ParentRunner.java:363)
	at org.apache.maven.surefire.junitcore.JUnitCore.run(JUnitCore.java:55)
	at org.apache.maven.surefire.junitcore.JUnitCoreWrapper.createRequestAndRun(JUnitCoreWrapper.java:137)
	at org.apache.maven.surefire.junitcore.JUnitCoreWrapper.executeEager(JUnitCoreWrapper.java:107)
	at org.apache.maven.surefire.junitcore.JUnitCoreWrapper.execute(JUnitCoreWrapper.java:83)
	at org.apache.maven.surefire.junitcore.JUnitCoreWrapper.execute(JUnitCoreWrapper.java:75)
	at org.apache.maven.surefire.junitcore.JUnitCoreProvider.invoke(JUnitCoreProvider.java:158)
	at org.apache.maven.surefire.booter.ForkedBooter.invokeProviderInSameClassLoader(ForkedBooter.java:383)
	at org.apache.maven.surefire.booter.ForkedBooter.runSuitesInProcess(ForkedBooter.java:344)
	at org.apache.maven.surefire.booter.ForkedBooter.execute(ForkedBooter.java:125)
	at org.apache.maven.surefire.booter.ForkedBooter.main(ForkedBooter.java:417)

Oct 03, 2018 5:10:33 PM org.jboss.as.repository.ContentRepositoryImpl addContent
INFO: WFLYDR0001: Content added at location /home/hudson/hudson_workspace/workspace/eap-7.x-as-testsuite-core-rhel/b485da8d/core-model-test/tests/target/deployment-repository/11/966ab9c099f8fabefac54c08d5be2bd8c903af/content
Oct 03, 2018 5:10:33 PM org.jboss.as.server.ServerEnvironment <init>
ERROR: WFLYSRV0024: Cannot add module 'org.jboss.vfs' as URLStreamHandlerFactory provider
org.jboss.modules.ModuleNotFoundException: org.jboss.vfs
	at org.jboss.modules.ModuleLoader.loadModule(ModuleLoader.java:294)
	at org.jboss.as.server.ServerEnvironment.<init>(ServerEnvironment.java:629)
	at org.jboss.as.server.ServerEnvironment.<init>(ServerEnvironment.java:335)
	at org.jboss.as.core.model.test.TestModelControllerService.createStandaloneServerEnvironment(TestModelControllerService.java:212)
	at org.jboss.as.core.model.test.TestModelControllerService.access$400(TestModelControllerService.java:111)
	at org.jboss.as.core.model.test.TestModelControllerService$ServerInitializer.<init>(TestModelControllerService.java:410)
	at org.jboss.as.core.model.test.TestModelControllerService$ServerInitializer.<init>(TestModelControllerService.java:408)
	at org.jboss.as.core.model.test.TestModelControllerService.<init>(TestModelControllerService.java:141)
	at org.jboss.as.core.model.test.TestModelControllerService.create(TestModelControllerService.java:151)
	at org.jboss.as.core.model.test.AbstractKernelServicesImpl$StandardTestModelControllerServiceFactory.create(AbstractKernelServicesImpl.java:168)
	at org.jboss.as.core.model.test.AbstractKernelServicesImpl.create(AbstractKernelServicesImpl.java:112)
	at org.jboss.as.core.model.test.CoreModelTestDelegate$KernelServicesBuilderImpl.build(CoreModelTestDelegate.java:534)
	at org.jboss.as.core.model.test.deployment.StandaloneDeploymentTestCase.createKernelServices(StandaloneDeploymentTestCase.java:898)
	at org.jboss.as.core.model.test.deployment.StandaloneDeploymentTestCase.testDeploymentReplaceHandler(StandaloneDeploymentTestCase.java:565)
	at sun.reflect.NativeMethodAccessorImpl.invoke0(Native Method)
	at sun.reflect.NativeMethodAccessorImpl.invoke(NativeMethodAccessorImpl.java:90)
	at sun.reflect.DelegatingMethodAccessorImpl.invoke(DelegatingMethodAccessorImpl.java:55)
	at java.lang.reflect.Method.invoke(Method.java:508)
	at org.junit.runners.model.FrameworkMethod$1.runReflectiveCall(FrameworkMethod.java:50)
	at org.junit.internal.runners.model.ReflectiveCallable.run(ReflectiveCallable.java:12)
	at org.junit.runners.model.FrameworkMethod.invokeExplosively(FrameworkMethod.java:47)
	at org.junit.internal.runners.statements.InvokeMethod.evaluate(InvokeMethod.java:17)
	at org.junit.internal.runners.statements.RunBefores.evaluate(RunBefores.java:26)
	at org.junit.internal.runners.statements.RunAfters.evaluate(RunAfters.java:27)
	at org.junit.runners.ParentRunner.runLeaf(ParentRunner.java:325)
	at org.junit.runners.BlockJUnit4ClassRunner.runChild(BlockJUnit4ClassRunner.java:78)
	at org.junit.runners.BlockJUnit4ClassRunner.runChild(BlockJUnit4ClassRunner.java:57)
	at org.junit.runners.ParentRunner$3.run(ParentRunner.java:290)
	at org.junit.runners.ParentRunner$1.schedule(ParentRunner.java:71)
	at org.junit.runners.ParentRunner.runChildren(ParentRunner.java:288)
	at org.junit.runners.ParentRunner.access$000(ParentRunner.java:58)
	at org.junit.runners.ParentRunner$2.evaluate(ParentRunner.java:268)
	at org.junit.runners.ParentRunner.run(ParentRunner.java:363)
	at org.junit.runners.Suite.runChild(Suite.java:128)
	at org.junit.runners.Suite.runChild(Suite.java:27)
	at org.junit.runners.ParentRunner$3.run(ParentRunner.java:290)
	at org.junit.runners.ParentRunner$1.schedule(ParentRunner.java:71)
	at org.junit.runners.ParentRunner.runChildren(ParentRunner.java:288)
	at org.junit.runners.ParentRunner.access$000(ParentRunner.java:58)
	at org.junit.runners.ParentRunner$2.evaluate(ParentRunner.java:268)
	at org.junit.runners.ParentRunner.run(ParentRunner.java:363)
	at org.apache.maven.surefire.junitcore.JUnitCore.run(JUnitCore.java:55)
	at org.apache.maven.surefire.junitcore.JUnitCoreWrapper.createRequestAndRun(JUnitCoreWrapper.java:137)
	at org.apache.maven.surefire.junitcore.JUnitCoreWrapper.executeEager(JUnitCoreWrapper.java:107)
	at org.apache.maven.surefire.junitcore.JUnitCoreWrapper.execute(JUnitCoreWrapper.java:83)
	at org.apache.maven.surefire.junitcore.JUnitCoreWrapper.execute(JUnitCoreWrapper.java:75)
	at org.apache.maven.surefire.junitcore.JUnitCoreProvider.invoke(JUnitCoreProvider.java:158)
	at org.apache.maven.surefire.booter.ForkedBooter.invokeProviderInSameClassLoader(ForkedBooter.java:383)
	at org.apache.maven.surefire.booter.ForkedBooter.runSuitesInProcess(ForkedBooter.java:344)
	at org.apache.maven.surefire.booter.ForkedBooter.execute(ForkedBooter.java:125)
	at org.apache.maven.surefire.booter.ForkedBooter.main(ForkedBooter.java:417)

Oct 03, 2018 5:10:34 PM org.jboss.as.repository.ContentRepositoryImpl addContent
INFO: WFLYDR0001: Content added at location /home/hudson/hudson_workspace/workspace/eap-7.x-as-testsuite-core-rhel/b485da8d/core-model-test/tests/target/deployment-repository/11/966ab9c099f8fabefac54c08d5be2bd8c903af/content
Oct 03, 2018 5:10:34 PM org.jboss.as.repository.ContentRepositoryImpl addContent
INFO: WFLYDR0001: Content added at location /home/hudson/hudson_workspace/workspace/eap-7.x-as-testsuite-core-rhel/b485da8d/core-model-test/tests/target/deployment-repository/d2/1d358a6406abfad4b2c8a0c0dac4ea148efd25/content
Oct 03, 2018 5:10:34 PM org.jboss.as.repository.ContentRepositoryImpl removeContent
INFO: WFLYDR0002: Content removed from location /home/hudson/hudson_workspace/workspace/eap-7.x-as-testsuite-core-rhel/b485da8d/core-model-test/tests/target/deployment-repository/d2/1d358a6406abfad4b2c8a0c0dac4ea148efd25/content
Oct 03, 2018 5:10:34 PM org.jboss.as.repository.ContentRepositoryImpl addContent
INFO: WFLYDR0001: Content added at location /home/hudson/hudson_workspace/workspace/eap-7.x-as-testsuite-core-rhel/b485da8d/core-model-test/tests/target/deployment-repository/d2/1d358a6406abfad4b2c8a0c0dac4ea148efd25/content
Oct 03, 2018 5:10:34 PM org.jboss.as.controller.AbstractOperationContext executeStep
ERROR: WFLYCTL0013: Operation ("replace-deployment") failed - address: ([])
java.util.NoSuchElementException: No child 'path' exists
	at org.jboss.dmr.ModelValue.requireChild(ModelValue.java:387)
	at org.jboss.dmr.ObjectModelValue.requireChild(ObjectModelValue.java:302)
	at org.jboss.dmr.ModelNode.require(ModelNode.java:1016)
	at org.jboss.as.server.deployment.DeploymentHandlerUtils.getContents(DeploymentHandlerUtils.java:71)
	at org.jboss.as.server.deployment.DeploymentReplaceHandler.execute(DeploymentReplaceHandler.java:131)
	at org.jboss.as.controller.AbstractOperationContext.executeStep(AbstractOperationContext.java:999)
	at org.jboss.as.controller.AbstractOperationContext.processStages(AbstractOperationContext.java:743)
	at org.jboss.as.controller.AbstractOperationContext.executeOperation(AbstractOperationContext.java:467)
	at org.jboss.as.controller.OperationContextImpl.executeOperation(OperationContextImpl.java:1411)
	at org.jboss.as.controller.ModelControllerImpl.internalExecute(ModelControllerImpl.java:423)
	at org.jboss.as.controller.ModelControllerImpl.lambda$execute$0(ModelControllerImpl.java:227)
	at org.jboss.as.controller.ModelControllerImpl$$Lambda$49.000000009476B330.run(Unknown Source)
	at org.wildfly.security.auth.server.SecurityIdentity$$Lambda$50.0000000095513C50.run(Unknown Source)
	at org.wildfly.security.auth.server.SecurityIdentity.runAs(SecurityIdentity.java:289)
	at org.wildfly.security.auth.server.SecurityIdentity.runAs(SecurityIdentity.java:255)
	at org.jboss.as.controller.ModelControllerImpl.execute(ModelControllerImpl.java:227)
	at org.jboss.as.model.test.ModelTestKernelServicesImpl.executeOperation(ModelTestKernelServicesImpl.java:230)
	at org.jboss.as.model.test.ModelTestKernelServicesImpl.executeOperation(ModelTestKernelServicesImpl.java:206)
	at org.jboss.as.model.test.ModelTestKernelServicesImpl.executeForResult(ModelTestKernelServicesImpl.java:235)
	at org.jboss.as.model.test.ModelTestKernelServicesImpl.executeForFailure(ModelTestKernelServicesImpl.java:253)
	at org.jboss.as.core.model.test.deployment.StandaloneDeploymentTestCase.testDeploymentReplaceHandler(StandaloneDeploymentTestCase.java:650)
	at sun.reflect.NativeMethodAccessorImpl.invoke0(Native Method)
	at sun.reflect.NativeMethodAccessorImpl.invoke(NativeMethodAccessorImpl.java:90)
	at sun.reflect.DelegatingMethodAccessorImpl.invoke(DelegatingMethodAccessorImpl.java:55)
	at java.lang.reflect.Method.invoke(Method.java:508)
	at org.junit.runners.model.FrameworkMethod$1.runReflectiveCall(FrameworkMethod.java:50)
	at org.junit.internal.runners.model.ReflectiveCallable.run(ReflectiveCallable.java:12)
	at org.junit.runners.model.FrameworkMethod.invokeExplosively(FrameworkMethod.java:47)
	at org.junit.internal.runners.statements.InvokeMethod.evaluate(InvokeMethod.java:17)
	at org.junit.internal.runners.statements.RunBefores.evaluate(RunBefores.java:26)
	at org.junit.internal.runners.statements.RunAfters.evaluate(RunAfters.java:27)
	at org.junit.runners.ParentRunner.runLeaf(ParentRunner.java:325)
	at org.junit.runners.BlockJUnit4ClassRunner.runChild(BlockJUnit4ClassRunner.java:78)
	at org.junit.runners.BlockJUnit4ClassRunner.runChild(BlockJUnit4ClassRunner.java:57)
	at org.junit.runners.ParentRunner$3.run(ParentRunner.java:290)
	at org.junit.runners.ParentRunner$1.schedule(ParentRunner.java:71)
	at org.junit.runners.ParentRunner.runChildren(ParentRunner.java:288)
	at org.junit.runners.ParentRunner.access$000(ParentRunner.java:58)
	at org.junit.runners.ParentRunner$2.evaluate(ParentRunner.java:268)
	at org.junit.runners.ParentRunner.run(ParentRunner.java:363)
	at org.junit.runners.Suite.runChild(Suite.java:128)
	at org.junit.runners.Suite.runChild(Suite.java:27)
	at org.junit.runners.ParentRunner$3.run(ParentRunner.java:290)
	at org.junit.runners.ParentRunner$1.schedule(ParentRunner.java:71)
	at org.junit.runners.ParentRunner.runChildren(ParentRunner.java:288)
	at org.junit.runners.ParentRunner.access$000(ParentRunner.java:58)
	at org.junit.runners.ParentRunner$2.evaluate(ParentRunner.java:268)
	at org.junit.runners.ParentRunner.run(ParentRunner.java:363)
	at org.apache.maven.surefire.junitcore.JUnitCore.run(JUnitCore.java:55)
	at org.apache.maven.surefire.junitcore.JUnitCoreWrapper.createRequestAndRun(JUnitCoreWrapper.java:137)
	at org.apache.maven.surefire.junitcore.JUnitCoreWrapper.executeEager(JUnitCoreWrapper.java:107)
	at org.apache.maven.surefire.junitcore.JUnitCoreWrapper.execute(JUnitCoreWrapper.java:83)
	at org.apache.maven.surefire.junitcore.JUnitCoreWrapper.execute(JUnitCoreWrapper.java:75)
	at org.apache.maven.surefire.junitcore.JUnitCoreProvider.invoke(JUnitCoreProvider.java:158)
	at org.apache.maven.surefire.booter.ForkedBooter.invokeProviderInSameClassLoader(ForkedBooter.java:383)
	at org.apache.maven.surefire.booter.ForkedBooter.runSuitesInProcess(ForkedBooter.java:344)
	at org.apache.maven.surefire.booter.ForkedBooter.execute(ForkedBooter.java:125)
	at org.apache.maven.surefire.booter.ForkedBooter.main(ForkedBooter.java:417)

Oct 03, 2018 5:10:34 PM org.jboss.as.controller.AbstractOperationContext executeStep
ERROR: WFLYCTL0013: Operation ("replace-deployment") failed - address: ([])
java.util.NoSuchElementException: No child 'path' exists
	at org.jboss.dmr.ModelValue.requireChild(ModelValue.java:387)
	at org.jboss.dmr.ObjectModelValue.requireChild(ObjectModelValue.java:302)
	at org.jboss.dmr.ModelNode.require(ModelNode.java:1016)
	at org.jboss.as.server.deployment.DeploymentHandlerUtils.getContents(DeploymentHandlerUtils.java:71)
	at org.jboss.as.server.deployment.DeploymentReplaceHandler.execute(DeploymentReplaceHandler.java:131)
	at org.jboss.as.controller.AbstractOperationContext.executeStep(AbstractOperationContext.java:999)
	at org.jboss.as.controller.AbstractOperationContext.processStages(AbstractOperationContext.java:743)
	at org.jboss.as.controller.AbstractOperationContext.executeOperation(AbstractOperationContext.java:467)
	at org.jboss.as.controller.OperationContextImpl.executeOperation(OperationContextImpl.java:1411)
	at org.jboss.as.controller.ModelControllerImpl.internalExecute(ModelControllerImpl.java:423)
	at org.jboss.as.controller.ModelControllerImpl.lambda$execute$0(ModelControllerImpl.java:227)
	at org.jboss.as.controller.ModelControllerImpl$$Lambda$49.000000009476B330.run(Unknown Source)
	at org.wildfly.security.auth.server.SecurityIdentity$$Lambda$50.0000000095513C50.run(Unknown Source)
	at org.wildfly.security.auth.server.SecurityIdentity.runAs(SecurityIdentity.java:289)
	at org.wildfly.security.auth.server.SecurityIdentity.runAs(SecurityIdentity.java:255)
	at org.jboss.as.controller.ModelControllerImpl.execute(ModelControllerImpl.java:227)
	at org.jboss.as.model.test.ModelTestKernelServicesImpl.executeOperation(ModelTestKernelServicesImpl.java:230)
	at org.jboss.as.model.test.ModelTestKernelServicesImpl.executeOperation(ModelTestKernelServicesImpl.java:206)
	at org.jboss.as.model.test.ModelTestKernelServicesImpl.executeForResult(ModelTestKernelServicesImpl.java:235)
	at org.jboss.as.model.test.ModelTestKernelServicesImpl.executeForFailure(ModelTestKernelServicesImpl.java:253)
	at org.jboss.as.core.model.test.deployment.StandaloneDeploymentTestCase.testDeploymentReplaceHandler(StandaloneDeploymentTestCase.java:653)
	at sun.reflect.NativeMethodAccessorImpl.invoke0(Native Method)
	at sun.reflect.NativeMethodAccessorImpl.invoke(NativeMethodAccessorImpl.java:90)
	at sun.reflect.DelegatingMethodAccessorImpl.invoke(DelegatingMethodAccessorImpl.java:55)
	at java.lang.reflect.Method.invoke(Method.java:508)
	at org.junit.runners.model.FrameworkMethod$1.runReflectiveCall(FrameworkMethod.java:50)
	at org.junit.internal.runners.model.ReflectiveCallable.run(ReflectiveCallable.java:12)
	at org.junit.runners.model.FrameworkMethod.invokeExplosively(FrameworkMethod.java:47)
	at org.junit.internal.runners.statements.InvokeMethod.evaluate(InvokeMethod.java:17)
	at org.junit.internal.runners.statements.RunBefores.evaluate(RunBefores.java:26)
	at org.junit.internal.runners.statements.RunAfters.evaluate(RunAfters.java:27)
	at org.junit.runners.ParentRunner.runLeaf(ParentRunner.java:325)
	at org.junit.runners.BlockJUnit4ClassRunner.runChild(BlockJUnit4ClassRunner.java:78)
	at org.junit.runners.BlockJUnit4ClassRunner.runChild(BlockJUnit4ClassRunner.java:57)
	at org.junit.runners.ParentRunner$3.run(ParentRunner.java:290)
	at org.junit.runners.ParentRunner$1.schedule(ParentRunner.java:71)
	at org.junit.runners.ParentRunner.runChildren(ParentRunner.java:288)
	at org.junit.runners.ParentRunner.access$000(ParentRunner.java:58)
	at org.junit.runners.ParentRunner$2.evaluate(ParentRunner.java:268)
	at org.junit.runners.ParentRunner.run(ParentRunner.java:363)
	at org.junit.runners.Suite.runChild(Suite.java:128)
	at org.junit.runners.Suite.runChild(Suite.java:27)
	at org.junit.runners.ParentRunner$3.run(ParentRunner.java:290)
	at org.junit.runners.ParentRunner$1.schedule(ParentRunner.java:71)
	at org.junit.runners.ParentRunner.runChildren(ParentRunner.java:288)
	at org.junit.runners.ParentRunner.access$000(ParentRunner.java:58)
	at org.junit.runners.ParentRunner$2.evaluate(ParentRunner.java:268)
	at org.junit.runners.ParentRunner.run(ParentRunner.java:363)
	at org.apache.maven.surefire.junitcore.JUnitCore.run(JUnitCore.java:55)
	at org.apache.maven.surefire.junitcore.JUnitCoreWrapper.createRequestAndRun(JUnitCoreWrapper.java:137)
	at org.apache.maven.surefire.junitcore.JUnitCoreWrapper.executeEager(JUnitCoreWrapper.java:107)
	at org.apache.maven.surefire.junitcore.JUnitCoreWrapper.execute(JUnitCoreWrapper.java:83)
	at org.apache.maven.surefire.junitcore.JUnitCoreWrapper.execute(JUnitCoreWrapper.java:75)
	at org.apache.maven.surefire.junitcore.JUnitCoreProvider.invoke(JUnitCoreProvider.java:158)
	at org.apache.maven.surefire.booter.ForkedBooter.invokeProviderInSameClassLoader(ForkedBooter.java:383)
	at org.apache.maven.surefire.booter.ForkedBooter.runSuitesInProcess(ForkedBooter.java:344)
	at org.apache.maven.surefire.booter.ForkedBooter.execute(ForkedBooter.java:125)
	at org.apache.maven.surefire.booter.ForkedBooter.main(ForkedBooter.java:417)

Oct 03, 2018 5:10:34 PM org.jboss.as.controller.AbstractOperationContext executeStep
ERROR: WFLYCTL0013: Operation ("replace-deployment") failed - address: ([])
java.util.NoSuchElementException: No child 'path' exists
	at org.jboss.dmr.ModelValue.requireChild(ModelValue.java:387)
	at org.jboss.dmr.ObjectModelValue.requireChild(ObjectModelValue.java:302)
	at org.jboss.dmr.ModelNode.require(ModelNode.java:1016)
	at org.jboss.as.server.deployment.DeploymentHandlerUtils.getContents(DeploymentHandlerUtils.java:71)
	at org.jboss.as.server.deployment.DeploymentReplaceHandler.execute(DeploymentReplaceHandler.java:131)
	at org.jboss.as.controller.AbstractOperationContext.executeStep(AbstractOperationContext.java:999)
	at org.jboss.as.controller.AbstractOperationContext.processStages(AbstractOperationContext.java:743)
	at org.jboss.as.controller.AbstractOperationContext.executeOperation(AbstractOperationContext.java:467)
	at org.jboss.as.controller.OperationContextImpl.executeOperation(OperationContextImpl.java:1411)
	at org.jboss.as.controller.ModelControllerImpl.internalExecute(ModelControllerImpl.java:423)
	at org.jboss.as.controller.ModelControllerImpl.lambda$execute$1(ModelControllerImpl.java:243)
	at org.jboss.as.controller.ModelControllerImpl$$Lambda$58.000000009482B7F0.run(Unknown Source)
	at org.wildfly.security.auth.server.SecurityIdentity$$Lambda$50.0000000095513C50.run(Unknown Source)
	at org.wildfly.security.auth.server.SecurityIdentity.runAs(SecurityIdentity.java:289)
	at org.wildfly.security.auth.server.SecurityIdentity.runAs(SecurityIdentity.java:255)
	at org.jboss.as.controller.ModelControllerImpl.execute(ModelControllerImpl.java:243)
	at org.jboss.as.controller.ModelControllerClientFactoryImpl$LocalClient$$Lambda$57.000000009482A9E0.apply(Unknown Source)
	at org.jboss.as.controller.ModelControllerClientFactoryImpl$LocalClient.executeInModelControllerCl(ModelControllerClientFactoryImpl.java:259)
	at org.jboss.as.controller.ModelControllerClientFactoryImpl$LocalClient.executeOperation(ModelControllerClientFactoryImpl.java:157)
	at org.jboss.as.controller.ModelControllerClientFactoryImpl$1$$Lambda$55.0000000094829FC0.apply(Unknown Source)
	at org.jboss.as.controller.ModelControllerClientFactoryImpl.lambda$executeInVm$0(ModelControllerClientFactoryImpl.java:351)
	at org.jboss.as.controller.ModelControllerClientFactoryImpl$$Lambda$56.000000009482A520.run(Unknown Source)
	at org.jboss.as.controller.access.InVmAccess.runInVm(InVmAccess.java:85)
	at org.jboss.as.controller.ModelControllerClientFactoryImpl.executeInVm(ModelControllerClientFactoryImpl.java:351)
	at org.jboss.as.controller.ModelControllerClientFactoryImpl.access$000(ModelControllerClientFactoryImpl.java:59)
	at org.jboss.as.controller.ModelControllerClientFactoryImpl$1.executeOperation(ModelControllerClientFactoryImpl.java:82)
	at org.jboss.as.controller.LocalModelControllerClient.execute(LocalModelControllerClient.java:54)
	at org.jboss.as.controller.LocalModelControllerClient.execute(LocalModelControllerClient.java:44)
	at org.jboss.as.model.test.ModelTestKernelServicesImpl.executeOperation(ModelTestKernelServicesImpl.java:218)
	at org.jboss.as.model.test.ModelTestKernelServicesImpl.executeForResult(ModelTestKernelServicesImpl.java:235)
	at org.jboss.as.model.test.ModelTestKernelServicesImpl.executeForFailure(ModelTestKernelServicesImpl.java:253)
	at org.jboss.as.core.model.test.deployment.StandaloneDeploymentTestCase.testDeploymentReplaceHandler(StandaloneDeploymentTestCase.java:656)
	at sun.reflect.NativeMethodAccessorImpl.invoke0(Native Method)
	at sun.reflect.NativeMethodAccessorImpl.invoke(NativeMethodAccessorImpl.java:90)
	at sun.reflect.DelegatingMethodAccessorImpl.invoke(DelegatingMethodAccessorImpl.java:55)
	at java.lang.reflect.Method.invoke(Method.java:508)
	at org.junit.runners.model.FrameworkMethod$1.runReflectiveCall(FrameworkMethod.java:50)
	at org.junit.internal.runners.model.ReflectiveCallable.run(ReflectiveCallable.java:12)
	at org.junit.runners.model.FrameworkMethod.invokeExplosively(FrameworkMethod.java:47)
	at org.junit.internal.runners.statements.InvokeMethod.evaluate(InvokeMethod.java:17)
	at org.junit.internal.runners.statements.RunBefores.evaluate(RunBefores.java:26)
	at org.junit.internal.runners.statements.RunAfters.evaluate(RunAfters.java:27)
	at org.junit.runners.ParentRunner.runLeaf(ParentRunner.java:325)
	at org.junit.runners.BlockJUnit4ClassRunner.runChild(BlockJUnit4ClassRunner.java:78)
	at org.junit.runners.BlockJUnit4ClassRunner.runChild(BlockJUnit4ClassRunner.java:57)
	at org.junit.runners.ParentRunner$3.run(ParentRunner.java:290)
	at org.junit.runners.ParentRunner$1.schedule(ParentRunner.java:71)
	at org.junit.runners.ParentRunner.runChildren(ParentRunner.java:288)
	at org.junit.runners.ParentRunner.access$000(ParentRunner.java:58)
	at org.junit.runners.ParentRunner$2.evaluate(ParentRunner.java:268)
	at org.junit.runners.ParentRunner.run(ParentRunner.java:363)
	at org.junit.runners.Suite.runChild(Suite.java:128)
	at org.junit.runners.Suite.runChild(Suite.java:27)
	at org.junit.runners.ParentRunner$3.run(ParentRunner.java:290)
	at org.junit.runners.ParentRunner$1.schedule(ParentRunner.java:71)
	at org.junit.runners.ParentRunner.runChildren(ParentRunner.java:288)
	at org.junit.runners.ParentRunner.access$000(ParentRunner.java:58)
	at org.junit.runners.ParentRunner$2.evaluate(ParentRunner.java:268)
	at org.junit.runners.ParentRunner.run(ParentRunner.java:363)
	at org.apache.maven.surefire.junitcore.JUnitCore.run(JUnitCore.java:55)
	at org.apache.maven.surefire.junitcore.JUnitCoreWrapper.createRequestAndRun(JUnitCoreWrapper.java:137)
	at org.apache.maven.surefire.junitcore.JUnitCoreWrapper.executeEager(JUnitCoreWrapper.java:107)
	at org.apache.maven.surefire.junitcore.JUnitCoreWrapper.execute(JUnitCoreWrapper.java:83)
	at org.apache.maven.surefire.junitcore.JUnitCoreWrapper.execute(JUnitCoreWrapper.java:75)
	at org.apache.maven.surefire.junitcore.JUnitCoreProvider.invoke(JUnitCoreProvider.java:158)
	at org.apache.maven.surefire.booter.ForkedBooter.invokeProviderInSameClassLoader(ForkedBooter.java:383)
	at org.apache.maven.surefire.booter.ForkedBooter.runSuitesInProcess(ForkedBooter.java:344)
	at org.apache.maven.surefire.booter.ForkedBooter.execute(ForkedBooter.java:125)
	at org.apache.maven.surefire.booter.ForkedBooter.main(ForkedBooter.java:417)

Oct 03, 2018 5:10:34 PM org.jboss.as.repository.ContentRepositoryImpl removeContent
INFO: WFLYDR0002: Content removed from location /home/hudson/hudson_workspace/workspace/eap-7.x-as-testsuite-core-rhel/b485da8d/core-model-test/tests/target/deployment-repository/d2/1d358a6406abfad4b2c8a0c0dac4ea148efd25/content
Oct 03, 2018 5:10:34 PM org.jboss.as.repository.ContentRepositoryImpl removeContent
INFO: WFLYDR0002: Content removed from location /home/hudson/hudson_workspace/workspace/eap-7.x-as-testsuite-core-rhel/b485da8d/core-model-test/tests/target/deployment-repository/11/966ab9c099f8fabefac54c08d5be2bd8c903af/content
Oct 03, 2018 5:10:34 PM org.jboss.as.repository.ContentRepositoryImpl removeContent
INFO: WFLYDR0002: Content removed from location /home/hudson/hudson_workspace/workspace/eap-7.x-as-testsuite-core-rhel/b485da8d/core-model-test/tests/target/deployment-repository/d2/1d358a6406abfad4b2c8a0c0dac4ea148efd25/content
Oct 03, 2018 5:10:34 PM org.jboss.as.server.ServerEnvironment <init>
ERROR: WFLYSRV0024: Cannot add module 'org.jboss.vfs' as URLStreamHandlerFactory provider
org.jboss.modules.ModuleNotFoundException: org.jboss.vfs
	at org.jboss.modules.ModuleLoader.loadModule(ModuleLoader.java:294)
	at org.jboss.as.server.ServerEnvironment.<init>(ServerEnvironment.java:629)
	at org.jboss.as.server.ServerEnvironment.<init>(ServerEnvironment.java:335)
	at org.jboss.as.core.model.test.TestModelControllerService.createStandaloneServerEnvironment(TestModelControllerService.java:212)
	at org.jboss.as.core.model.test.TestModelControllerService.access$400(TestModelControllerService.java:111)
	at org.jboss.as.core.model.test.TestModelControllerService$ServerInitializer.<init>(TestModelControllerService.java:410)
	at org.jboss.as.core.model.test.TestModelControllerService$ServerInitializer.<init>(TestModelControllerService.java:408)
	at org.jboss.as.core.model.test.TestModelControllerService.<init>(TestModelControllerService.java:141)
	at org.jboss.as.core.model.test.TestModelControllerService.create(TestModelControllerService.java:151)
	at org.jboss.as.core.model.test.AbstractKernelServicesImpl$StandardTestModelControllerServiceFactory.create(AbstractKernelServicesImpl.java:168)
	at org.jboss.as.core.model.test.AbstractKernelServicesImpl.create(AbstractKernelServicesImpl.java:112)
	at org.jboss.as.core.model.test.CoreModelTestDelegate$KernelServicesBuilderImpl.build(CoreModelTestDelegate.java:534)
	at org.jboss.as.core.model.test.deployment.StandaloneDeploymentTestCase.createKernelServices(StandaloneDeploymentTestCase.java:898)
	at org.jboss.as.core.model.test.deployment.StandaloneDeploymentTestCase.testAddRemoveManagedDeploymentsWithDifferentContentTypes(StandaloneDeploymentTestCase.java:156)
	at sun.reflect.NativeMethodAccessorImpl.invoke0(Native Method)
	at sun.reflect.NativeMethodAccessorImpl.invoke(NativeMethodAccessorImpl.java:90)
	at sun.reflect.DelegatingMethodAccessorImpl.invoke(DelegatingMethodAccessorImpl.java:55)
	at java.lang.reflect.Method.invoke(Method.java:508)
	at org.junit.runners.model.FrameworkMethod$1.runReflectiveCall(FrameworkMethod.java:50)
	at org.junit.internal.runners.model.ReflectiveCallable.run(ReflectiveCallable.java:12)
	at org.junit.runners.model.FrameworkMethod.invokeExplosively(FrameworkMethod.java:47)
	at org.junit.internal.runners.statements.InvokeMethod.evaluate(InvokeMethod.java:17)
	at org.junit.internal.runners.statements.RunBefores.evaluate(RunBefores.java:26)
	at org.junit.internal.runners.statements.RunAfters.evaluate(RunAfters.java:27)
	at org.junit.runners.ParentRunner.runLeaf(ParentRunner.java:325)
	at org.junit.runners.BlockJUnit4ClassRunner.runChild(BlockJUnit4ClassRunner.java:78)
	at org.junit.runners.BlockJUnit4ClassRunner.runChild(BlockJUnit4ClassRunner.java:57)
	at org.junit.runners.ParentRunner$3.run(ParentRunner.java:290)
	at org.junit.runners.ParentRunner$1.schedule(ParentRunner.java:71)
	at org.junit.runners.ParentRunner.runChildren(ParentRunner.java:288)
	at org.junit.runners.ParentRunner.access$000(ParentRunner.java:58)
	at org.junit.runners.ParentRunner$2.evaluate(ParentRunner.java:268)
	at org.junit.runners.ParentRunner.run(ParentRunner.java:363)
	at org.junit.runners.Suite.runChild(Suite.java:128)
	at org.junit.runners.Suite.runChild(Suite.java:27)
	at org.junit.runners.ParentRunner$3.run(ParentRunner.java:290)
	at org.junit.runners.ParentRunner$1.schedule(ParentRunner.java:71)
	at org.junit.runners.ParentRunner.runChildren(ParentRunner.java:288)
	at org.junit.runners.ParentRunner.access$000(ParentRunner.java:58)
	at org.junit.runners.ParentRunner$2.evaluate(ParentRunner.java:268)
	at org.junit.runners.ParentRunner.run(ParentRunner.java:363)
	at org.apache.maven.surefire.junitcore.JUnitCore.run(JUnitCore.java:55)
	at org.apache.maven.surefire.junitcore.JUnitCoreWrapper.createRequestAndRun(JUnitCoreWrapper.java:137)
	at org.apache.maven.surefire.junitcore.JUnitCoreWrapper.executeEager(JUnitCoreWrapper.java:107)
	at org.apache.maven.surefire.junitcore.JUnitCoreWrapper.execute(JUnitCoreWrapper.java:83)
	at org.apache.maven.surefire.junitcore.JUnitCoreWrapper.execute(JUnitCoreWrapper.java:75)
	at org.apache.maven.surefire.junitcore.JUnitCoreProvider.invoke(JUnitCoreProvider.java:158)
	at org.apache.maven.surefire.booter.ForkedBooter.invokeProviderInSameClassLoader(ForkedBooter.java:383)
	at org.apache.maven.surefire.booter.ForkedBooter.runSuitesInProcess(ForkedBooter.java:344)
	at org.apache.maven.surefire.booter.ForkedBooter.execute(ForkedBooter.java:125)
	at org.apache.maven.surefire.booter.ForkedBooter.main(ForkedBooter.java:417)

Oct 03, 2018 5:10:34 PM org.jboss.as.repository.ContentRepositoryImpl addContent
INFO: WFLYDR0001: Content added at location /home/hudson/hudson_workspace/workspace/eap-7.x-as-testsuite-core-rhel/b485da8d/core-model-test/tests/target/deployment-repository/11/966ab9c099f8fabefac54c08d5be2bd8c903af/content
Oct 03, 2018 5:10:34 PM org.jboss.as.repository.ContentRepositoryImpl removeContent
INFO: WFLYDR0002: Content removed from location /home/hudson/hudson_workspace/workspace/eap-7.x-as-testsuite-core-rhel/b485da8d/core-model-test/tests/target/deployment-repository/11/966ab9c099f8fabefac54c08d5be2bd8c903af/content
Oct 03, 2018 5:10:34 PM org.jboss.as.repository.ContentRepositoryImpl addContent
INFO: WFLYDR0001: Content added at location /home/hudson/hudson_workspace/workspace/eap-7.x-as-testsuite-core-rhel/b485da8d/core-model-test/tests/target/deployment-repository/11/966ab9c099f8fabefac54c08d5be2bd8c903af/content
Oct 03, 2018 5:10:34 PM org.jboss.as.repository.ContentRepositoryImpl removeContent
INFO: WFLYDR0002: Content removed from location /home/hudson/hudson_workspace/workspace/eap-7.x-as-testsuite-core-rhel/b485da8d/core-model-test/tests/target/deployment-repository/11/966ab9c099f8fabefac54c08d5be2bd8c903af/content
Oct 03, 2018 5:10:34 PM org.jboss.as.repository.ContentRepositoryImpl addContent
INFO: WFLYDR0001: Content added at location /home/hudson/hudson_workspace/workspace/eap-7.x-as-testsuite-core-rhel/b485da8d/core-model-test/tests/target/deployment-repository/11/966ab9c099f8fabefac54c08d5be2bd8c903af/content
Oct 03, 2018 5:10:34 PM org.jboss.as.repository.ContentRepositoryImpl removeContent
INFO: WFLYDR0002: Content removed from location /home/hudson/hudson_workspace/workspace/eap-7.x-as-testsuite-core-rhel/b485da8d/core-model-test/tests/target/deployment-repository/11/966ab9c099f8fabefac54c08d5be2bd8c903af/content
Oct 03, 2018 5:10:34 PM org.jboss.as.server.ServerEnvironment <init>
ERROR: WFLYSRV0024: Cannot add module 'org.jboss.vfs' as URLStreamHandlerFactory provider
org.jboss.modules.ModuleNotFoundException: org.jboss.vfs
	at org.jboss.modules.ModuleLoader.loadModule(ModuleLoader.java:294)
	at org.jboss.as.server.ServerEnvironment.<init>(ServerEnvironment.java:629)
	at org.jboss.as.server.ServerEnvironment.<init>(ServerEnvironment.java:335)
	at org.jboss.as.core.model.test.TestModelControllerService.createStandaloneServerEnvironment(TestModelControllerService.java:212)
	at org.jboss.as.core.model.test.TestModelControllerService.access$400(TestModelControllerService.java:111)
	at org.jboss.as.core.model.test.TestModelControllerService$ServerInitializer.<init>(TestModelControllerService.java:410)
	at org.jboss.as.core.model.test.TestModelControllerService$ServerInitializer.<init>(TestModelControllerService.java:408)
	at org.jboss.as.core.model.test.TestModelControllerService.<init>(TestModelControllerService.java:141)
	at org.jboss.as.core.model.test.TestModelControllerService.create(TestModelControllerService.java:151)
	at org.jboss.as.core.model.test.AbstractKernelServicesImpl$StandardTestModelControllerServiceFactory.create(AbstractKernelServicesImpl.java:168)
	at org.jboss.as.core.model.test.AbstractKernelServicesImpl.create(AbstractKernelServicesImpl.java:112)
	at org.jboss.as.core.model.test.CoreModelTestDelegate$KernelServicesBuilderImpl.build(CoreModelTestDelegate.java:534)
	at org.jboss.as.core.model.test.deployment.StandaloneDeploymentTestCase.createKernelServices(StandaloneDeploymentTestCase.java:898)
	at org.jboss.as.core.model.test.deployment.StandaloneDeploymentTestCase.testUnmanagedDeploymentRelativePath(StandaloneDeploymentTestCase.java:264)
	at sun.reflect.NativeMethodAccessorImpl.invoke0(Native Method)
	at sun.reflect.NativeMethodAccessorImpl.invoke(NativeMethodAccessorImpl.java:90)
	at sun.reflect.DelegatingMethodAccessorImpl.invoke(DelegatingMethodAccessorImpl.java:55)
	at java.lang.reflect.Method.invoke(Method.java:508)
	at org.junit.runners.model.FrameworkMethod$1.runReflectiveCall(FrameworkMethod.java:50)
	at org.junit.internal.runners.model.ReflectiveCallable.run(ReflectiveCallable.java:12)
	at org.junit.runners.model.FrameworkMethod.invokeExplosively(FrameworkMethod.java:47)
	at org.junit.internal.runners.statements.InvokeMethod.evaluate(InvokeMethod.java:17)
	at org.junit.internal.runners.statements.RunBefores.evaluate(RunBefores.java:26)
	at org.junit.internal.runners.statements.RunAfters.evaluate(RunAfters.java:27)
	at org.junit.runners.ParentRunner.runLeaf(ParentRunner.java:325)
	at org.junit.runners.BlockJUnit4ClassRunner.runChild(BlockJUnit4ClassRunner.java:78)
	at org.junit.runners.BlockJUnit4ClassRunner.runChild(BlockJUnit4ClassRunner.java:57)
	at org.junit.runners.ParentRunner$3.run(ParentRunner.java:290)
	at org.junit.runners.ParentRunner$1.schedule(ParentRunner.java:71)
	at org.junit.runners.ParentRunner.runChildren(ParentRunner.java:288)
	at org.junit.runners.ParentRunner.access$000(ParentRunner.java:58)
	at org.junit.runners.ParentRunner$2.evaluate(ParentRunner.java:268)
	at org.junit.runners.ParentRunner.run(ParentRunner.java:363)
	at org.junit.runners.Suite.runChild(Suite.java:128)
	at org.junit.runners.Suite.runChild(Suite.java:27)
	at org.junit.runners.ParentRunner$3.run(ParentRunner.java:290)
	at org.junit.runners.ParentRunner$1.schedule(ParentRunner.java:71)
	at org.junit.runners.ParentRunner.runChildren(ParentRunner.java:288)
	at org.junit.runners.ParentRunner.access$000(ParentRunner.java:58)
	at org.junit.runners.ParentRunner$2.evaluate(ParentRunner.java:268)
	at org.junit.runners.ParentRunner.run(ParentRunner.java:363)
	at org.apache.maven.surefire.junitcore.JUnitCore.run(JUnitCore.java:55)
	at org.apache.maven.surefire.junitcore.JUnitCoreWrapper.createRequestAndRun(JUnitCoreWrapper.java:137)
	at org.apache.maven.surefire.junitcore.JUnitCoreWrapper.executeEager(JUnitCoreWrapper.java:107)
	at org.apache.maven.surefire.junitcore.JUnitCoreWrapper.execute(JUnitCoreWrapper.java:83)
	at org.apache.maven.surefire.junitcore.JUnitCoreWrapper.execute(JUnitCoreWrapper.java:75)
	at org.apache.maven.surefire.junitcore.JUnitCoreProvider.invoke(JUnitCoreProvider.java:158)
	at org.apache.maven.surefire.booter.ForkedBooter.invokeProviderInSameClassLoader(ForkedBooter.java:383)
	at org.apache.maven.surefire.booter.ForkedBooter.runSuitesInProcess(ForkedBooter.java:344)
	at org.apache.maven.surefire.booter.ForkedBooter.execute(ForkedBooter.java:125)
	at org.apache.maven.surefire.booter.ForkedBooter.main(ForkedBooter.java:417)

Oct 03, 2018 5:10:35 PM org.jboss.as.server.ServerEnvironment <init>
ERROR: WFLYSRV0024: Cannot add module 'org.jboss.vfs' as URLStreamHandlerFactory provider
org.jboss.modules.ModuleNotFoundException: org.jboss.vfs
	at org.jboss.modules.ModuleLoader.loadModule(ModuleLoader.java:294)
	at org.jboss.as.server.ServerEnvironment.<init>(ServerEnvironment.java:629)
	at org.jboss.as.server.ServerEnvironment.<init>(ServerEnvironment.java:335)
	at org.jboss.as.core.model.test.TestModelControllerService.createStandaloneServerEnvironment(TestModelControllerService.java:212)
	at org.jboss.as.core.model.test.TestModelControllerService.access$400(TestModelControllerService.java:111)
	at org.jboss.as.core.model.test.TestModelControllerService$ServerInitializer.<init>(TestModelControllerService.java:410)
	at org.jboss.as.core.model.test.TestModelControllerService$ServerInitializer.<init>(TestModelControllerService.java:408)
	at org.jboss.as.core.model.test.TestModelControllerService.<init>(TestModelControllerService.java:141)
	at org.jboss.as.core.model.test.TestModelControllerService.create(TestModelControllerService.java:151)
	at org.jboss.as.core.model.test.AbstractKernelServicesImpl$StandardTestModelControllerServiceFactory.create(AbstractKernelServicesImpl.java:168)
	at org.jboss.as.core.model.test.AbstractKernelServicesImpl.create(AbstractKernelServicesImpl.java:112)
	at org.jboss.as.core.model.test.CoreModelTestDelegate$KernelServicesBuilderImpl.build(CoreModelTestDelegate.java:534)
	at org.jboss.as.core.model.test.deployment.StandaloneDeploymentTestCase.createKernelServices(StandaloneDeploymentTestCase.java:898)
	at org.jboss.as.core.model.test.deployment.StandaloneDeploymentTestCase.testBadContentType(StandaloneDeploymentTestCase.java:309)
	at sun.reflect.NativeMethodAccessorImpl.invoke0(Native Method)
	at sun.reflect.NativeMethodAccessorImpl.invoke(NativeMethodAccessorImpl.java:90)
	at sun.reflect.DelegatingMethodAccessorImpl.invoke(DelegatingMethodAccessorImpl.java:55)
	at java.lang.reflect.Method.invoke(Method.java:508)
	at org.junit.runners.model.FrameworkMethod$1.runReflectiveCall(FrameworkMethod.java:50)
	at org.junit.internal.runners.model.ReflectiveCallable.run(ReflectiveCallable.java:12)
	at org.junit.runners.model.FrameworkMethod.invokeExplosively(FrameworkMethod.java:47)
	at org.junit.internal.runners.statements.InvokeMethod.evaluate(InvokeMethod.java:17)
	at org.junit.internal.runners.statements.RunBefores.evaluate(RunBefores.java:26)
	at org.junit.internal.runners.statements.RunAfters.evaluate(RunAfters.java:27)
	at org.junit.runners.ParentRunner.runLeaf(ParentRunner.java:325)
	at org.junit.runners.BlockJUnit4ClassRunner.runChild(BlockJUnit4ClassRunner.java:78)
	at org.junit.runners.BlockJUnit4ClassRunner.runChild(BlockJUnit4ClassRunner.java:57)
	at org.junit.runners.ParentRunner$3.run(ParentRunner.java:290)
	at org.junit.runners.ParentRunner$1.schedule(ParentRunner.java:71)
	at org.junit.runners.ParentRunner.runChildren(ParentRunner.java:288)
	at org.junit.runners.ParentRunner.access$000(ParentRunner.java:58)
	at org.junit.runners.ParentRunner$2.evaluate(ParentRunner.java:268)
	at org.junit.runners.ParentRunner.run(ParentRunner.java:363)
	at org.junit.runners.Suite.runChild(Suite.java:128)
	at org.junit.runners.Suite.runChild(Suite.java:27)
	at org.junit.runners.ParentRunner$3.run(ParentRunner.java:290)
	at org.junit.runners.ParentRunner$1.schedule(ParentRunner.java:71)
	at org.junit.runners.ParentRunner.runChildren(ParentRunner.java:288)
	at org.junit.runners.ParentRunner.access$000(ParentRunner.java:58)
	at org.junit.runners.ParentRunner$2.evaluate(ParentRunner.java:268)
	at org.junit.runners.ParentRunner.run(ParentRunner.java:363)
	at org.apache.maven.surefire.junitcore.JUnitCore.run(JUnitCore.java:55)
	at org.apache.maven.surefire.junitcore.JUnitCoreWrapper.createRequestAndRun(JUnitCoreWrapper.java:137)
	at org.apache.maven.surefire.junitcore.JUnitCoreWrapper.executeEager(JUnitCoreWrapper.java:107)
	at org.apache.maven.surefire.junitcore.JUnitCoreWrapper.execute(JUnitCoreWrapper.java:83)
	at org.apache.maven.surefire.junitcore.JUnitCoreWrapper.execute(JUnitCoreWrapper.java:75)
	at org.apache.maven.surefire.junitcore.JUnitCoreProvider.invoke(JUnitCoreProvider.java:158)
	at org.apache.maven.surefire.booter.ForkedBooter.invokeProviderInSameClassLoader(ForkedBooter.java:383)
	at org.apache.maven.surefire.booter.ForkedBooter.runSuitesInProcess(ForkedBooter.java:344)
	at org.apache.maven.surefire.booter.ForkedBooter.execute(ForkedBooter.java:125)
	at org.apache.maven.surefire.booter.ForkedBooter.main(ForkedBooter.java:417)

Oct 03, 2018 5:10:35 PM org.jboss.as.server.ServerEnvironment <init>
ERROR: WFLYSRV0024: Cannot add module 'org.jboss.vfs' as URLStreamHandlerFactory provider
org.jboss.modules.ModuleNotFoundException: org.jboss.vfs
	at org.jboss.modules.ModuleLoader.loadModule(ModuleLoader.java:294)
	at org.jboss.as.server.ServerEnvironment.<init>(ServerEnvironment.java:629)
	at org.jboss.as.server.ServerEnvironment.<init>(ServerEnvironment.java:335)
	at org.jboss.as.core.model.test.TestModelControllerService.createStandaloneServerEnvironment(TestModelControllerService.java:212)
	at org.jboss.as.core.model.test.TestModelControllerService.access$400(TestModelControllerService.java:111)
	at org.jboss.as.core.model.test.TestModelControllerService$ServerInitializer.<init>(TestModelControllerService.java:410)
	at org.jboss.as.core.model.test.TestModelControllerService$ServerInitializer.<init>(TestModelControllerService.java:408)
	at org.jboss.as.core.model.test.TestModelControllerService.<init>(TestModelControllerService.java:141)
	at org.jboss.as.core.model.test.TestModelControllerService.create(TestModelControllerService.java:151)
	at org.jboss.as.core.model.test.AbstractKernelServicesImpl$StandardTestModelControllerServiceFactory.create(AbstractKernelServicesImpl.java:168)
	at org.jboss.as.core.model.test.AbstractKernelServicesImpl.create(AbstractKernelServicesImpl.java:112)
	at org.jboss.as.core.model.test.CoreModelTestDelegate$KernelServicesBuilderImpl.build(CoreModelTestDelegate.java:534)
	at org.jboss.as.core.model.test.deployment.StandaloneDeploymentTestCase.createKernelServices(StandaloneDeploymentTestCase.java:898)
	at org.jboss.as.core.model.test.deployment.StandaloneDeploymentTestCase.testCantHaveTwoSameDeploymentsWithSameName(StandaloneDeploymentTestCase.java:78)
	at sun.reflect.NativeMethodAccessorImpl.invoke0(Native Method)
	at sun.reflect.NativeMethodAccessorImpl.invoke(NativeMethodAccessorImpl.java:90)
	at sun.reflect.DelegatingMethodAccessorImpl.invoke(DelegatingMethodAccessorImpl.java:55)
	at java.lang.reflect.Method.invoke(Method.java:508)
	at org.junit.runners.model.FrameworkMethod$1.runReflectiveCall(FrameworkMethod.java:50)
	at org.junit.internal.runners.model.ReflectiveCallable.run(ReflectiveCallable.java:12)
	at org.junit.runners.model.FrameworkMethod.invokeExplosively(FrameworkMethod.java:47)
	at org.junit.internal.runners.statements.InvokeMethod.evaluate(InvokeMethod.java:17)
	at org.junit.internal.runners.statements.RunBefores.evaluate(RunBefores.java:26)
	at org.junit.internal.runners.statements.RunAfters.evaluate(RunAfters.java:27)
	at org.junit.runners.ParentRunner.runLeaf(ParentRunner.java:325)
	at org.junit.runners.BlockJUnit4ClassRunner.runChild(BlockJUnit4ClassRunner.java:78)
	at org.junit.runners.BlockJUnit4ClassRunner.runChild(BlockJUnit4ClassRunner.java:57)
	at org.junit.runners.ParentRunner$3.run(ParentRunner.java:290)
	at org.junit.runners.ParentRunner$1.schedule(ParentRunner.java:71)
	at org.junit.runners.ParentRunner.runChildren(ParentRunner.java:288)
	at org.junit.runners.ParentRunner.access$000(ParentRunner.java:58)
	at org.junit.runners.ParentRunner$2.evaluate(ParentRunner.java:268)
	at org.junit.runners.ParentRunner.run(ParentRunner.java:363)
	at org.junit.runners.Suite.runChild(Suite.java:128)
	at org.junit.runners.Suite.runChild(Suite.java:27)
	at org.junit.runners.ParentRunner$3.run(ParentRunner.java:290)
	at org.junit.runners.ParentRunner$1.schedule(ParentRunner.java:71)
	at org.junit.runners.ParentRunner.runChildren(ParentRunner.java:288)
	at org.junit.runners.ParentRunner.access$000(ParentRunner.java:58)
	at org.junit.runners.ParentRunner$2.evaluate(ParentRunner.java:268)
	at org.junit.runners.ParentRunner.run(ParentRunner.java:363)
	at org.apache.maven.surefire.junitcore.JUnitCore.run(JUnitCore.java:55)
	at org.apache.maven.surefire.junitcore.JUnitCoreWrapper.createRequestAndRun(JUnitCoreWrapper.java:137)
	at org.apache.maven.surefire.junitcore.JUnitCoreWrapper.executeEager(JUnitCoreWrapper.java:107)
	at org.apache.maven.surefire.junitcore.JUnitCoreWrapper.execute(JUnitCoreWrapper.java:83)
	at org.apache.maven.surefire.junitcore.JUnitCoreWrapper.execute(JUnitCoreWrapper.java:75)
	at org.apache.maven.surefire.junitcore.JUnitCoreProvider.invoke(JUnitCoreProvider.java:158)
	at org.apache.maven.surefire.booter.ForkedBooter.invokeProviderInSameClassLoader(ForkedBooter.java:383)
	at org.apache.maven.surefire.booter.ForkedBooter.runSuitesInProcess(ForkedBooter.java:344)
	at org.apache.maven.surefire.booter.ForkedBooter.execute(ForkedBooter.java:125)
	at org.apache.maven.surefire.booter.ForkedBooter.main(ForkedBooter.java:417)

Oct 03, 2018 5:10:35 PM org.jboss.as.repository.ContentRepositoryImpl addContent
INFO: WFLYDR0001: Content added at location /home/hudson/hudson_workspace/workspace/eap-7.x-as-testsuite-core-rhel/b485da8d/core-model-test/tests/target/deployment-repository/11/966ab9c099f8fabefac54c08d5be2bd8c903af/content
Oct 03, 2018 5:10:35 PM org.jboss.as.server.ServerEnvironment <init>
ERROR: WFLYSRV0024: Cannot add module 'org.jboss.vfs' as URLStreamHandlerFactory provider
org.jboss.modules.ModuleNotFoundException: org.jboss.vfs
	at org.jboss.modules.ModuleLoader.loadModule(ModuleLoader.java:294)
	at org.jboss.as.server.ServerEnvironment.<init>(ServerEnvironment.java:629)
	at org.jboss.as.server.ServerEnvironment.<init>(ServerEnvironment.java:335)
	at org.jboss.as.core.model.test.TestModelControllerService.createStandaloneServerEnvironment(TestModelControllerService.java:212)
	at org.jboss.as.core.model.test.TestModelControllerService.access$400(TestModelControllerService.java:111)
	at org.jboss.as.core.model.test.TestModelControllerService$ServerInitializer.<init>(TestModelControllerService.java:410)
	at org.jboss.as.core.model.test.TestModelControllerService$ServerInitializer.<init>(TestModelControllerService.java:408)
	at org.jboss.as.core.model.test.TestModelControllerService.<init>(TestModelControllerService.java:141)
	at org.jboss.as.core.model.test.TestModelControllerService.create(TestModelControllerService.java:151)
	at org.jboss.as.core.model.test.AbstractKernelServicesImpl$StandardTestModelControllerServiceFactory.create(AbstractKernelServicesImpl.java:168)
	at org.jboss.as.core.model.test.AbstractKernelServicesImpl.create(AbstractKernelServicesImpl.java:112)
	at org.jboss.as.core.model.test.CoreModelTestDelegate$KernelServicesBuilderImpl.build(CoreModelTestDelegate.java:534)
	at org.jboss.as.core.model.test.deployment.StandaloneDeploymentTestCase.createKernelServices(StandaloneDeploymentTestCase.java:898)
	at org.jboss.as.core.model.test.deployment.StandaloneDeploymentTestCase.testCantWriteToAttributes(StandaloneDeploymentTestCase.java:363)
	at sun.reflect.NativeMethodAccessorImpl.invoke0(Native Method)
	at sun.reflect.NativeMethodAccessorImpl.invoke(NativeMethodAccessorImpl.java:90)
	at sun.reflect.DelegatingMethodAccessorImpl.invoke(DelegatingMethodAccessorImpl.java:55)
	at java.lang.reflect.Method.invoke(Method.java:508)
	at org.junit.runners.model.FrameworkMethod$1.runReflectiveCall(FrameworkMethod.java:50)
	at org.junit.internal.runners.model.ReflectiveCallable.run(ReflectiveCallable.java:12)
	at org.junit.runners.model.FrameworkMethod.invokeExplosively(FrameworkMethod.java:47)
	at org.junit.internal.runners.statements.InvokeMethod.evaluate(InvokeMethod.java:17)
	at org.junit.internal.runners.statements.RunBefores.evaluate(RunBefores.java:26)
	at org.junit.internal.runners.statements.RunAfters.evaluate(RunAfters.java:27)
	at org.junit.runners.ParentRunner.runLeaf(ParentRunner.java:325)
	at org.junit.runners.BlockJUnit4ClassRunner.runChild(BlockJUnit4ClassRunner.java:78)
	at org.junit.runners.BlockJUnit4ClassRunner.runChild(BlockJUnit4ClassRunner.java:57)
	at org.junit.runners.ParentRunner$3.run(ParentRunner.java:290)
	at org.junit.runners.ParentRunner$1.schedule(ParentRunner.java:71)
	at org.junit.runners.ParentRunner.runChildren(ParentRunner.java:288)
	at org.junit.runners.ParentRunner.access$000(ParentRunner.java:58)
	at org.junit.runners.ParentRunner$2.evaluate(ParentRunner.java:268)
	at org.junit.runners.ParentRunner.run(ParentRunner.java:363)
	at org.junit.runners.Suite.runChild(Suite.java:128)
	at org.junit.runners.Suite.runChild(Suite.java:27)
	at org.junit.runners.ParentRunner$3.run(ParentRunner.java:290)
	at org.junit.runners.ParentRunner$1.schedule(ParentRunner.java:71)
	at org.junit.runners.ParentRunner.runChildren(ParentRunner.java:288)
	at org.junit.runners.ParentRunner.access$000(ParentRunner.java:58)
	at org.junit.runners.ParentRunner$2.evaluate(ParentRunner.java:268)
	at org.junit.runners.ParentRunner.run(ParentRunner.java:363)
	at org.apache.maven.surefire.junitcore.JUnitCore.run(JUnitCore.java:55)
	at org.apache.maven.surefire.junitcore.JUnitCoreWrapper.createRequestAndRun(JUnitCoreWrapper.java:137)
	at org.apache.maven.surefire.junitcore.JUnitCoreWrapper.executeEager(JUnitCoreWrapper.java:107)
	at org.apache.maven.surefire.junitcore.JUnitCoreWrapper.execute(JUnitCoreWrapper.java:83)
	at org.apache.maven.surefire.junitcore.JUnitCoreWrapper.execute(JUnitCoreWrapper.java:75)
	at org.apache.maven.surefire.junitcore.JUnitCoreProvider.invoke(JUnitCoreProvider.java:158)
	at org.apache.maven.surefire.booter.ForkedBooter.invokeProviderInSameClassLoader(ForkedBooter.java:383)
	at org.apache.maven.surefire.booter.ForkedBooter.runSuitesInProcess(ForkedBooter.java:344)
	at org.apache.maven.surefire.booter.ForkedBooter.execute(ForkedBooter.java:125)
	at org.apache.maven.surefire.booter.ForkedBooter.main(ForkedBooter.java:417)

Oct 03, 2018 5:10:35 PM org.jboss.as.repository.ContentRepositoryImpl addContent
INFO: WFLYDR0001: Content added at location /home/hudson/hudson_workspace/workspace/eap-7.x-as-testsuite-core-rhel/b485da8d/core-model-test/tests/target/deployment-repository/11/966ab9c099f8fabefac54c08d5be2bd8c903af/content
Oct 03, 2018 5:10:35 PM org.jboss.as.server.ServerEnvironment <init>
ERROR: WFLYSRV0024: Cannot add module 'org.jboss.vfs' as URLStreamHandlerFactory provider
org.jboss.modules.ModuleNotFoundException: org.jboss.vfs
	at org.jboss.modules.ModuleLoader.loadModule(ModuleLoader.java:294)
	at org.jboss.as.server.ServerEnvironment.<init>(ServerEnvironment.java:629)
	at org.jboss.as.server.ServerEnvironment.<init>(ServerEnvironment.java:335)
	at org.jboss.as.core.model.test.TestModelControllerService.createStandaloneServerEnvironment(TestModelControllerService.java:212)
	at org.jboss.as.core.model.test.TestModelControllerService.access$400(TestModelControllerService.java:111)
	at org.jboss.as.core.model.test.TestModelControllerService$ServerInitializer.<init>(TestModelControllerService.java:410)
	at org.jboss.as.core.model.test.TestModelControllerService$ServerInitializer.<init>(TestModelControllerService.java:408)
	at org.jboss.as.core.model.test.TestModelControllerService.<init>(TestModelControllerService.java:141)
	at org.jboss.as.core.model.test.TestModelControllerService.create(TestModelControllerService.java:151)
	at org.jboss.as.core.model.test.AbstractKernelServicesImpl$StandardTestModelControllerServiceFactory.create(AbstractKernelServicesImpl.java:168)
	at org.jboss.as.core.model.test.AbstractKernelServicesImpl.create(AbstractKernelServicesImpl.java:112)
	at org.jboss.as.core.model.test.CoreModelTestDelegate$KernelServicesBuilderImpl.build(CoreModelTestDelegate.java:534)
	at org.jboss.as.core.model.test.deployment.StandaloneDeploymentTestCase.createKernelServices(StandaloneDeploymentTestCase.java:898)
	at org.jboss.as.core.model.test.deployment.StandaloneDeploymentTestCase.testRootContentHandlers(StandaloneDeploymentTestCase.java:388)
	at sun.reflect.NativeMethodAccessorImpl.invoke0(Native Method)
	at sun.reflect.NativeMethodAccessorImpl.invoke(NativeMethodAccessorImpl.java:90)
	at sun.reflect.DelegatingMethodAccessorImpl.invoke(DelegatingMethodAccessorImpl.java:55)
	at java.lang.reflect.Method.invoke(Method.java:508)
	at org.junit.runners.model.FrameworkMethod$1.runReflectiveCall(FrameworkMethod.java:50)
	at org.junit.internal.runners.model.ReflectiveCallable.run(ReflectiveCallable.java:12)
	at org.junit.runners.model.FrameworkMethod.invokeExplosively(FrameworkMethod.java:47)
	at org.junit.internal.runners.statements.InvokeMethod.evaluate(InvokeMethod.java:17)
	at org.junit.internal.runners.statements.RunBefores.evaluate(RunBefores.java:26)
	at org.junit.internal.runners.statements.RunAfters.evaluate(RunAfters.java:27)
	at org.junit.runners.ParentRunner.runLeaf(ParentRunner.java:325)
	at org.junit.runners.BlockJUnit4ClassRunner.runChild(BlockJUnit4ClassRunner.java:78)
	at org.junit.runners.BlockJUnit4ClassRunner.runChild(BlockJUnit4ClassRunner.java:57)
	at org.junit.runners.ParentRunner$3.run(ParentRunner.java:290)
	at org.junit.runners.ParentRunner$1.schedule(ParentRunner.java:71)
	at org.junit.runners.ParentRunner.runChildren(ParentRunner.java:288)
	at org.junit.runners.ParentRunner.access$000(ParentRunner.java:58)
	at org.junit.runners.ParentRunner$2.evaluate(ParentRunner.java:268)
	at org.junit.runners.ParentRunner.run(ParentRunner.java:363)
	at org.junit.runners.Suite.runChild(Suite.java:128)
	at org.junit.runners.Suite.runChild(Suite.java:27)
	at org.junit.runners.ParentRunner$3.run(ParentRunner.java:290)
	at org.junit.runners.ParentRunner$1.schedule(ParentRunner.java:71)
	at org.junit.runners.ParentRunner.runChildren(ParentRunner.java:288)
	at org.junit.runners.ParentRunner.access$000(ParentRunner.java:58)
	at org.junit.runners.ParentRunner$2.evaluate(ParentRunner.java:268)
	at org.junit.runners.ParentRunner.run(ParentRunner.java:363)
	at org.apache.maven.surefire.junitcore.JUnitCore.run(JUnitCore.java:55)
	at org.apache.maven.surefire.junitcore.JUnitCoreWrapper.createRequestAndRun(JUnitCoreWrapper.java:137)
	at org.apache.maven.surefire.junitcore.JUnitCoreWrapper.executeEager(JUnitCoreWrapper.java:107)
	at org.apache.maven.surefire.junitcore.JUnitCoreWrapper.execute(JUnitCoreWrapper.java:83)
	at org.apache.maven.surefire.junitcore.JUnitCoreWrapper.execute(JUnitCoreWrapper.java:75)
	at org.apache.maven.surefire.junitcore.JUnitCoreProvider.invoke(JUnitCoreProvider.java:158)
	at org.apache.maven.surefire.booter.ForkedBooter.invokeProviderInSameClassLoader(ForkedBooter.java:383)
	at org.apache.maven.surefire.booter.ForkedBooter.runSuitesInProcess(ForkedBooter.java:344)
	at org.apache.maven.surefire.booter.ForkedBooter.execute(ForkedBooter.java:125)
	at org.apache.maven.surefire.booter.ForkedBooter.main(ForkedBooter.java:417)

Oct 03, 2018 5:10:35 PM org.jboss.as.repository.ContentRepositoryImpl addContent
INFO: WFLYDR0001: Content added at location /home/hudson/hudson_workspace/workspace/eap-7.x-as-testsuite-core-rhel/b485da8d/core-model-test/tests/target/deployment-repository/11/966ab9c099f8fabefac54c08d5be2bd8c903af/content
Oct 03, 2018 5:10:35 PM org.jboss.as.server.ServerEnvironment <init>
ERROR: WFLYSRV0024: Cannot add module 'org.jboss.vfs' as URLStreamHandlerFactory provider
org.jboss.modules.ModuleNotFoundException: org.jboss.vfs
	at org.jboss.modules.ModuleLoader.loadModule(ModuleLoader.java:294)
	at org.jboss.as.server.ServerEnvironment.<init>(ServerEnvironment.java:629)
	at org.jboss.as.server.ServerEnvironment.<init>(ServerEnvironment.java:335)
	at org.jboss.as.core.model.test.TestModelControllerService.createStandaloneServerEnvironment(TestModelControllerService.java:212)
	at org.jboss.as.core.model.test.TestModelControllerService.access$400(TestModelControllerService.java:111)
	at org.jboss.as.core.model.test.TestModelControllerService$ServerInitializer.<init>(TestModelControllerService.java:410)
	at org.jboss.as.core.model.test.TestModelControllerService$ServerInitializer.<init>(TestModelControllerService.java:408)
	at org.jboss.as.core.model.test.TestModelControllerService.<init>(TestModelControllerService.java:141)
	at org.jboss.as.core.model.test.TestModelControllerService.create(TestModelControllerService.java:151)
	at org.jboss.as.core.model.test.AbstractKernelServicesImpl$StandardTestModelControllerServiceFactory.create(AbstractKernelServicesImpl.java:168)
	at org.jboss.as.core.model.test.AbstractKernelServicesImpl.create(AbstractKernelServicesImpl.java:112)
	at org.jboss.as.core.model.test.CoreModelTestDelegate$KernelServicesBuilderImpl.build(CoreModelTestDelegate.java:534)
	at org.jboss.as.core.model.test.deployment.StandaloneDeploymentTestCase.createKernelServices(StandaloneDeploymentTestCase.java:898)
	at org.jboss.as.core.model.test.deployment.StandaloneDeploymentTestCase.testCanHaveTwoDeploymentsWithDifferentNames(StandaloneDeploymentTestCase.java:92)
	at sun.reflect.NativeMethodAccessorImpl.invoke0(Native Method)
	at sun.reflect.NativeMethodAccessorImpl.invoke(NativeMethodAccessorImpl.java:90)
	at sun.reflect.DelegatingMethodAccessorImpl.invoke(DelegatingMethodAccessorImpl.java:55)
	at java.lang.reflect.Method.invoke(Method.java:508)
	at org.junit.runners.model.FrameworkMethod$1.runReflectiveCall(FrameworkMethod.java:50)
	at org.junit.internal.runners.model.ReflectiveCallable.run(ReflectiveCallable.java:12)
	at org.junit.runners.model.FrameworkMethod.invokeExplosively(FrameworkMethod.java:47)
	at org.junit.internal.runners.statements.InvokeMethod.evaluate(InvokeMethod.java:17)
	at org.junit.internal.runners.statements.RunBefores.evaluate(RunBefores.java:26)
	at org.junit.internal.runners.statements.RunAfters.evaluate(RunAfters.java:27)
	at org.junit.runners.ParentRunner.runLeaf(ParentRunner.java:325)
	at org.junit.runners.BlockJUnit4ClassRunner.runChild(BlockJUnit4ClassRunner.java:78)
	at org.junit.runners.BlockJUnit4ClassRunner.runChild(BlockJUnit4ClassRunner.java:57)
	at org.junit.runners.ParentRunner$3.run(ParentRunner.java:290)
	at org.junit.runners.ParentRunner$1.schedule(ParentRunner.java:71)
	at org.junit.runners.ParentRunner.runChildren(ParentRunner.java:288)
	at org.junit.runners.ParentRunner.access$000(ParentRunner.java:58)
	at org.junit.runners.ParentRunner$2.evaluate(ParentRunner.java:268)
	at org.junit.runners.ParentRunner.run(ParentRunner.java:363)
	at org.junit.runners.Suite.runChild(Suite.java:128)
	at org.junit.runners.Suite.runChild(Suite.java:27)
	at org.junit.runners.ParentRunner$3.run(ParentRunner.java:290)
	at org.junit.runners.ParentRunner$1.schedule(ParentRunner.java:71)
	at org.junit.runners.ParentRunner.runChildren(ParentRunner.java:288)
	at org.junit.runners.ParentRunner.access$000(ParentRunner.java:58)
	at org.junit.runners.ParentRunner$2.evaluate(ParentRunner.java:268)
	at org.junit.runners.ParentRunner.run(ParentRunner.java:363)
	at org.apache.maven.surefire.junitcore.JUnitCore.run(JUnitCore.java:55)
	at org.apache.maven.surefire.junitcore.JUnitCoreWrapper.createRequestAndRun(JUnitCoreWrapper.java:137)
	at org.apache.maven.surefire.junitcore.JUnitCoreWrapper.executeEager(JUnitCoreWrapper.java:107)
	at org.apache.maven.surefire.junitcore.JUnitCoreWrapper.execute(JUnitCoreWrapper.java:83)
	at org.apache.maven.surefire.junitcore.JUnitCoreWrapper.execute(JUnitCoreWrapper.java:75)
	at org.apache.maven.surefire.junitcore.JUnitCoreProvider.invoke(JUnitCoreProvider.java:158)
	at org.apache.maven.surefire.booter.ForkedBooter.invokeProviderInSameClassLoader(ForkedBooter.java:383)
	at org.apache.maven.surefire.booter.ForkedBooter.runSuitesInProcess(ForkedBooter.java:344)
	at org.apache.maven.surefire.booter.ForkedBooter.execute(ForkedBooter.java:125)
	at org.apache.maven.surefire.booter.ForkedBooter.main(ForkedBooter.java:417)

Oct 03, 2018 5:10:35 PM org.jboss.as.repository.ContentRepositoryImpl addContent
INFO: WFLYDR0001: Content added at location /home/hudson/hudson_workspace/workspace/eap-7.x-as-testsuite-core-rhel/b485da8d/core-model-test/tests/target/deployment-repository/11/966ab9c099f8fabefac54c08d5be2bd8c903af/content
Oct 03, 2018 5:10:35 PM org.jboss.as.server.ServerEnvironment <init>
ERROR: WFLYSRV0024: Cannot add module 'org.jboss.vfs' as URLStreamHandlerFactory provider
org.jboss.modules.ModuleNotFoundException: org.jboss.vfs
	at org.jboss.modules.ModuleLoader.loadModule(ModuleLoader.java:294)
	at org.jboss.as.server.ServerEnvironment.<init>(ServerEnvironment.java:629)
	at org.jboss.as.server.ServerEnvironment.<init>(ServerEnvironment.java:335)
	at org.jboss.as.core.model.test.TestModelControllerService.createStandaloneServerEnvironment(TestModelControllerService.java:212)
	at org.jboss.as.core.model.test.TestModelControllerService.access$400(TestModelControllerService.java:111)
	at org.jboss.as.core.model.test.TestModelControllerService$ServerInitializer.<init>(TestModelControllerService.java:410)
	at org.jboss.as.core.model.test.TestModelControllerService$ServerInitializer.<init>(TestModelControllerService.java:408)
	at org.jboss.as.core.model.test.TestModelControllerService.<init>(TestModelControllerService.java:141)
	at org.jboss.as.core.model.test.TestModelControllerService.create(TestModelControllerService.java:151)
	at org.jboss.as.core.model.test.AbstractKernelServicesImpl$StandardTestModelControllerServiceFactory.create(AbstractKernelServicesImpl.java:168)
	at org.jboss.as.core.model.test.AbstractKernelServicesImpl.create(AbstractKernelServicesImpl.java:112)
	at org.jboss.as.core.model.test.CoreModelTestDelegate$KernelServicesBuilderImpl.build(CoreModelTestDelegate.java:534)
	at org.jboss.as.core.model.test.deployment.StandaloneDeploymentTestCase.createKernelServices(StandaloneDeploymentTestCase.java:898)
	at org.jboss.as.core.model.test.deployment.StandaloneDeploymentTestCase.testRedeploy(StandaloneDeploymentTestCase.java:343)
	at sun.reflect.NativeMethodAccessorImpl.invoke0(Native Method)
	at sun.reflect.NativeMethodAccessorImpl.invoke(NativeMethodAccessorImpl.java:90)
	at sun.reflect.DelegatingMethodAccessorImpl.invoke(DelegatingMethodAccessorImpl.java:55)
	at java.lang.reflect.Method.invoke(Method.java:508)
	at org.junit.runners.model.FrameworkMethod$1.runReflectiveCall(FrameworkMethod.java:50)
	at org.junit.internal.runners.model.ReflectiveCallable.run(ReflectiveCallable.java:12)
	at org.junit.runners.model.FrameworkMethod.invokeExplosively(FrameworkMethod.java:47)
	at org.junit.internal.runners.statements.InvokeMethod.evaluate(InvokeMethod.java:17)
	at org.junit.internal.runners.statements.RunBefores.evaluate(RunBefores.java:26)
	at org.junit.internal.runners.statements.RunAfters.evaluate(RunAfters.java:27)
	at org.junit.runners.ParentRunner.runLeaf(ParentRunner.java:325)
	at org.junit.runners.BlockJUnit4ClassRunner.runChild(BlockJUnit4ClassRunner.java:78)
	at org.junit.runners.BlockJUnit4ClassRunner.runChild(BlockJUnit4ClassRunner.java:57)
	at org.junit.runners.ParentRunner$3.run(ParentRunner.java:290)
	at org.junit.runners.ParentRunner$1.schedule(ParentRunner.java:71)
	at org.junit.runners.ParentRunner.runChildren(ParentRunner.java:288)
	at org.junit.runners.ParentRunner.access$000(ParentRunner.java:58)
	at org.junit.runners.ParentRunner$2.evaluate(ParentRunner.java:268)
	at org.junit.runners.ParentRunner.run(ParentRunner.java:363)
	at org.junit.runners.Suite.runChild(Suite.java:128)
	at org.junit.runners.Suite.runChild(Suite.java:27)
	at org.junit.runners.ParentRunner$3.run(ParentRunner.java:290)
	at org.junit.runners.ParentRunner$1.schedule(ParentRunner.java:71)
	at org.junit.runners.ParentRunner.runChildren(ParentRunner.java:288)
	at org.junit.runners.ParentRunner.access$000(ParentRunner.java:58)
	at org.junit.runners.ParentRunner$2.evaluate(ParentRunner.java:268)
	at org.junit.runners.ParentRunner.run(ParentRunner.java:363)
	at org.apache.maven.surefire.junitcore.JUnitCore.run(JUnitCore.java:55)
	at org.apache.maven.surefire.junitcore.JUnitCoreWrapper.createRequestAndRun(JUnitCoreWrapper.java:137)
	at org.apache.maven.surefire.junitcore.JUnitCoreWrapper.executeEager(JUnitCoreWrapper.java:107)
	at org.apache.maven.surefire.junitcore.JUnitCoreWrapper.execute(JUnitCoreWrapper.java:83)
	at org.apache.maven.surefire.junitcore.JUnitCoreWrapper.execute(JUnitCoreWrapper.java:75)
	at org.apache.maven.surefire.junitcore.JUnitCoreProvider.invoke(JUnitCoreProvider.java:158)
	at org.apache.maven.surefire.booter.ForkedBooter.invokeProviderInSameClassLoader(ForkedBooter.java:383)
	at org.apache.maven.surefire.booter.ForkedBooter.runSuitesInProcess(ForkedBooter.java:344)
	at org.apache.maven.surefire.booter.ForkedBooter.execute(ForkedBooter.java:125)
	at org.apache.maven.surefire.booter.ForkedBooter.main(ForkedBooter.java:417)

Oct 03, 2018 5:10:35 PM org.jboss.as.repository.ContentRepositoryImpl addContent
INFO: WFLYDR0001: Content added at location /home/hudson/hudson_workspace/workspace/eap-7.x-as-testsuite-core-rhel/b485da8d/core-model-test/tests/target/deployment-repository/11/966ab9c099f8fabefac54c08d5be2bd8c903af/content
Oct 03, 2018 5:10:35 PM org.jboss.as.repository.ContentRepositoryImpl removeContent
INFO: WFLYDR0002: Content removed from location /home/hudson/hudson_workspace/workspace/eap-7.x-as-testsuite-core-rhel/b485da8d/core-model-test/tests/target/deployment-repository/11/966ab9c099f8fabefac54c08d5be2bd8c903af/content
Oct 03, 2018 5:10:36 PM org.jboss.as.server.ServerEnvironment <init>
ERROR: WFLYSRV0024: Cannot add module 'org.jboss.vfs' as URLStreamHandlerFactory provider
org.jboss.modules.ModuleNotFoundException: org.jboss.vfs
	at org.jboss.modules.ModuleLoader.loadModule(ModuleLoader.java:294)
	at org.jboss.as.server.ServerEnvironment.<init>(ServerEnvironment.java:629)
	at org.jboss.as.server.ServerEnvironment.<init>(ServerEnvironment.java:335)
	at org.jboss.as.core.model.test.TestModelControllerService.createStandaloneServerEnvironment(TestModelControllerService.java:212)
	at org.jboss.as.core.model.test.TestModelControllerService.access$400(TestModelControllerService.java:111)
	at org.jboss.as.core.model.test.TestModelControllerService$ServerInitializer.<init>(TestModelControllerService.java:410)
	at org.jboss.as.core.model.test.TestModelControllerService$ServerInitializer.<init>(TestModelControllerService.java:408)
	at org.jboss.as.core.model.test.TestModelControllerService.<init>(TestModelControllerService.java:141)
	at org.jboss.as.core.model.test.TestModelControllerService.create(TestModelControllerService.java:151)
	at org.jboss.as.core.model.test.AbstractKernelServicesImpl$StandardTestModelControllerServiceFactory.create(AbstractKernelServicesImpl.java:168)
	at org.jboss.as.core.model.test.AbstractKernelServicesImpl.create(AbstractKernelServicesImpl.java:112)
	at org.jboss.as.core.model.test.CoreModelTestDelegate$KernelServicesBuilderImpl.build(CoreModelTestDelegate.java:534)
	at org.jboss.as.core.model.test.deployment.StandaloneDeploymentTestCase.createKernelServices(StandaloneDeploymentTestCase.java:898)
	at org.jboss.as.core.model.test.deployment.StandaloneDeploymentTestCase.testDeploymentFullReplaceHandlerManaged(StandaloneDeploymentTestCase.java:426)
	at sun.reflect.NativeMethodAccessorImpl.invoke0(Native Method)
	at sun.reflect.NativeMethodAccessorImpl.invoke(NativeMethodAccessorImpl.java:90)
	at sun.reflect.DelegatingMethodAccessorImpl.invoke(DelegatingMethodAccessorImpl.java:55)
	at java.lang.reflect.Method.invoke(Method.java:508)
	at org.junit.runners.model.FrameworkMethod$1.runReflectiveCall(FrameworkMethod.java:50)
	at org.junit.internal.runners.model.ReflectiveCallable.run(ReflectiveCallable.java:12)
	at org.junit.runners.model.FrameworkMethod.invokeExplosively(FrameworkMethod.java:47)
	at org.junit.internal.runners.statements.InvokeMethod.evaluate(InvokeMethod.java:17)
	at org.junit.internal.runners.statements.RunBefores.evaluate(RunBefores.java:26)
	at org.junit.internal.runners.statements.RunAfters.evaluate(RunAfters.java:27)
	at org.junit.runners.ParentRunner.runLeaf(ParentRunner.java:325)
	at org.junit.runners.BlockJUnit4ClassRunner.runChild(BlockJUnit4ClassRunner.java:78)
	at org.junit.runners.BlockJUnit4ClassRunner.runChild(BlockJUnit4ClassRunner.java:57)
	at org.junit.runners.ParentRunner$3.run(ParentRunner.java:290)
	at org.junit.runners.ParentRunner$1.schedule(ParentRunner.java:71)
	at org.junit.runners.ParentRunner.runChildren(ParentRunner.java:288)
	at org.junit.runners.ParentRunner.access$000(ParentRunner.java:58)
	at org.junit.runners.ParentRunner$2.evaluate(ParentRunner.java:268)
	at org.junit.runners.ParentRunner.run(ParentRunner.java:363)
	at org.junit.runners.Suite.runChild(Suite.java:128)
	at org.junit.runners.Suite.runChild(Suite.java:27)
	at org.junit.runners.ParentRunner$3.run(ParentRunner.java:290)
	at org.junit.runners.ParentRunner$1.schedule(ParentRunner.java:71)
	at org.junit.runners.ParentRunner.runChildren(ParentRunner.java:288)
	at org.junit.runners.ParentRunner.access$000(ParentRunner.java:58)
	at org.junit.runners.ParentRunner$2.evaluate(ParentRunner.java:268)
	at org.junit.runners.ParentRunner.run(ParentRunner.java:363)
	at org.apache.maven.surefire.junitcore.JUnitCore.run(JUnitCore.java:55)
	at org.apache.maven.surefire.junitcore.JUnitCoreWrapper.createRequestAndRun(JUnitCoreWrapper.java:137)
	at org.apache.maven.surefire.junitcore.JUnitCoreWrapper.executeEager(JUnitCoreWrapper.java:107)
	at org.apache.maven.surefire.junitcore.JUnitCoreWrapper.execute(JUnitCoreWrapper.java:83)
	at org.apache.maven.surefire.junitcore.JUnitCoreWrapper.execute(JUnitCoreWrapper.java:75)
	at org.apache.maven.surefire.junitcore.JUnitCoreProvider.invoke(JUnitCoreProvider.java:158)
	at org.apache.maven.surefire.booter.ForkedBooter.invokeProviderInSameClassLoader(ForkedBooter.java:383)
	at org.apache.maven.surefire.booter.ForkedBooter.runSuitesInProcess(ForkedBooter.java:344)
	at org.apache.maven.surefire.booter.ForkedBooter.execute(ForkedBooter.java:125)
	at org.apache.maven.surefire.booter.ForkedBooter.main(ForkedBooter.java:417)

Oct 03, 2018 5:10:36 PM org.jboss.as.repository.ContentRepositoryImpl addContent
INFO: WFLYDR0001: Content added at location /home/hudson/hudson_workspace/workspace/eap-7.x-as-testsuite-core-rhel/b485da8d/core-model-test/tests/target/deployment-repository/11/966ab9c099f8fabefac54c08d5be2bd8c903af/content
Oct 03, 2018 5:10:36 PM org.jboss.as.repository.ContentRepositoryImpl addContent
INFO: WFLYDR0001: Content added at location /home/hudson/hudson_workspace/workspace/eap-7.x-as-testsuite-core-rhel/b485da8d/core-model-test/tests/target/deployment-repository/d2/1d358a6406abfad4b2c8a0c0dac4ea148efd25/content
Oct 03, 2018 5:10:36 PM org.jboss.as.repository.ContentRepositoryImpl removeContent
INFO: WFLYDR0002: Content removed from location /home/hudson/hudson_workspace/workspace/eap-7.x-as-testsuite-core-rhel/b485da8d/core-model-test/tests/target/deployment-repository/11/966ab9c099f8fabefac54c08d5be2bd8c903af/content
Oct 03, 2018 5:10:36 PM org.jboss.as.repository.ContentRepositoryImpl addContent
INFO: WFLYDR0001: Content added at location /home/hudson/hudson_workspace/workspace/eap-7.x-as-testsuite-core-rhel/b485da8d/core-model-test/tests/target/deployment-repository/11/966ab9c099f8fabefac54c08d5be2bd8c903af/content
Oct 03, 2018 5:10:36 PM org.jboss.as.repository.ContentRepositoryImpl removeContent
INFO: WFLYDR0002: Content removed from location /home/hudson/hudson_workspace/workspace/eap-7.x-as-testsuite-core-rhel/b485da8d/core-model-test/tests/target/deployment-repository/d2/1d358a6406abfad4b2c8a0c0dac4ea148efd25/content
Oct 03, 2018 5:10:36 PM org.jboss.as.repository.ContentRepositoryImpl addContent
INFO: WFLYDR0001: Content added at location /home/hudson/hudson_workspace/workspace/eap-7.x-as-testsuite-core-rhel/b485da8d/core-model-test/tests/target/deployment-repository/d2/1d358a6406abfad4b2c8a0c0dac4ea148efd25/content
Oct 03, 2018 5:10:36 PM org.jboss.as.repository.ContentRepositoryImpl removeContent
INFO: WFLYDR0002: Content removed from location /home/hudson/hudson_workspace/workspace/eap-7.x-as-testsuite-core-rhel/b485da8d/core-model-test/tests/target/deployment-repository/11/966ab9c099f8fabefac54c08d5be2bd8c903af/content
Oct 03, 2018 5:10:36 PM org.jboss.as.server.ServerEnvironment <init>
ERROR: WFLYSRV0024: Cannot add module 'org.jboss.vfs' as URLStreamHandlerFactory provider
org.jboss.modules.ModuleNotFoundException: org.jboss.vfs
	at org.jboss.modules.ModuleLoader.loadModule(ModuleLoader.java:294)
	at org.jboss.as.server.ServerEnvironment.<init>(ServerEnvironment.java:629)
	at org.jboss.as.server.ServerEnvironment.<init>(ServerEnvironment.java:335)
	at org.jboss.as.core.model.test.TestModelControllerService.createStandaloneServerEnvironment(TestModelControllerService.java:212)
	at org.jboss.as.core.model.test.TestModelControllerService.access$400(TestModelControllerService.java:111)
	at org.jboss.as.core.model.test.TestModelControllerService$ServerInitializer.<init>(TestModelControllerService.java:410)
	at org.jboss.as.core.model.test.TestModelControllerService$ServerInitializer.<init>(TestModelControllerService.java:408)
	at org.jboss.as.core.model.test.TestModelControllerService.<init>(TestModelControllerService.java:141)
	at org.jboss.as.core.model.test.TestModelControllerService.create(TestModelControllerService.java:151)
	at org.jboss.as.core.model.test.AbstractKernelServicesImpl$StandardTestModelControllerServiceFactory.create(AbstractKernelServicesImpl.java:168)
	at org.jboss.as.core.model.test.AbstractKernelServicesImpl.create(AbstractKernelServicesImpl.java:112)
	at org.jboss.as.core.model.test.CoreModelTestDelegate$KernelServicesBuilderImpl.build(CoreModelTestDelegate.java:534)
	at org.jboss.as.core.model.test.deployment.StandaloneDeploymentTestCase.createKernelServices(StandaloneDeploymentTestCase.java:898)
	at org.jboss.as.core.model.test.deployment.StandaloneDeploymentTestCase.testDeploymentFullReplaceHandlerUnmanaged(StandaloneDeploymentTestCase.java:495)
	at sun.reflect.NativeMethodAccessorImpl.invoke0(Native Method)
	at sun.reflect.NativeMethodAccessorImpl.invoke(NativeMethodAccessorImpl.java:90)
	at sun.reflect.DelegatingMethodAccessorImpl.invoke(DelegatingMethodAccessorImpl.java:55)
	at java.lang.reflect.Method.invoke(Method.java:508)
	at org.junit.runners.model.FrameworkMethod$1.runReflectiveCall(FrameworkMethod.java:50)
	at org.junit.internal.runners.model.ReflectiveCallable.run(ReflectiveCallable.java:12)
	at org.junit.runners.model.FrameworkMethod.invokeExplosively(FrameworkMethod.java:47)
	at org.junit.internal.runners.statements.InvokeMethod.evaluate(InvokeMethod.java:17)
	at org.junit.internal.runners.statements.RunBefores.evaluate(RunBefores.java:26)
	at org.junit.internal.runners.statements.RunAfters.evaluate(RunAfters.java:27)
	at org.junit.runners.ParentRunner.runLeaf(ParentRunner.java:325)
	at org.junit.runners.BlockJUnit4ClassRunner.runChild(BlockJUnit4ClassRunner.java:78)
	at org.junit.runners.BlockJUnit4ClassRunner.runChild(BlockJUnit4ClassRunner.java:57)
	at org.junit.runners.ParentRunner$3.run(ParentRunner.java:290)
	at org.junit.runners.ParentRunner$1.schedule(ParentRunner.java:71)
	at org.junit.runners.ParentRunner.runChildren(ParentRunner.java:288)
	at org.junit.runners.ParentRunner.access$000(ParentRunner.java:58)
	at org.junit.runners.ParentRunner$2.evaluate(ParentRunner.java:268)
	at org.junit.runners.ParentRunner.run(ParentRunner.java:363)
	at org.junit.runners.Suite.runChild(Suite.java:128)
	at org.junit.runners.Suite.runChild(Suite.java:27)
	at org.junit.runners.ParentRunner$3.run(ParentRunner.java:290)
	at org.junit.runners.ParentRunner$1.schedule(ParentRunner.java:71)
	at org.junit.runners.ParentRunner.runChildren(ParentRunner.java:288)
	at org.junit.runners.ParentRunner.access$000(ParentRunner.java:58)
	at org.junit.runners.ParentRunner$2.evaluate(ParentRunner.java:268)
	at org.junit.runners.ParentRunner.run(ParentRunner.java:363)
	at org.apache.maven.surefire.junitcore.JUnitCore.run(JUnitCore.java:55)
	at org.apache.maven.surefire.junitcore.JUnitCoreWrapper.createRequestAndRun(JUnitCoreWrapper.java:137)
	at org.apache.maven.surefire.junitcore.JUnitCoreWrapper.executeEager(JUnitCoreWrapper.java:107)
	at org.apache.maven.surefire.junitcore.JUnitCoreWrapper.execute(JUnitCoreWrapper.java:83)
	at org.apache.maven.surefire.junitcore.JUnitCoreWrapper.execute(JUnitCoreWrapper.java:75)
	at org.apache.maven.surefire.junitcore.JUnitCoreProvider.invoke(JUnitCoreProvider.java:158)
	at org.apache.maven.surefire.booter.ForkedBooter.invokeProviderInSameClassLoader(ForkedBooter.java:383)
	at org.apache.maven.surefire.booter.ForkedBooter.runSuitesInProcess(ForkedBooter.java:344)
	at org.apache.maven.surefire.booter.ForkedBooter.execute(ForkedBooter.java:125)
	at org.apache.maven.surefire.booter.ForkedBooter.main(ForkedBooter.java:417)

Oct 03, 2018 5:10:36 PM org.jboss.as.server.ServerEnvironment <init>
ERROR: WFLYSRV0024: Cannot add module 'org.jboss.vfs' as URLStreamHandlerFactory provider
org.jboss.modules.ModuleNotFoundException: org.jboss.vfs
	at org.jboss.modules.ModuleLoader.loadModule(ModuleLoader.java:294)
	at org.jboss.as.server.ServerEnvironment.<init>(ServerEnvironment.java:629)
	at org.jboss.as.server.ServerEnvironment.<init>(ServerEnvironment.java:335)
	at org.jboss.as.core.model.test.TestModelControllerService.createStandaloneServerEnvironment(TestModelControllerService.java:212)
	at org.jboss.as.core.model.test.TestModelControllerService.access$400(TestModelControllerService.java:111)
	at org.jboss.as.core.model.test.TestModelControllerService$ServerInitializer.<init>(TestModelControllerService.java:410)
	at org.jboss.as.core.model.test.TestModelControllerService$ServerInitializer.<init>(TestModelControllerService.java:408)
	at org.jboss.as.core.model.test.TestModelControllerService.<init>(TestModelControllerService.java:141)
	at org.jboss.as.core.model.test.TestModelControllerService.create(TestModelControllerService.java:151)
	at org.jboss.as.core.model.test.AbstractKernelServicesImpl$StandardTestModelControllerServiceFactory.create(AbstractKernelServicesImpl.java:168)
	at org.jboss.as.core.model.test.AbstractKernelServicesImpl.create(AbstractKernelServicesImpl.java:112)
	at org.jboss.as.core.model.test.CoreModelTestDelegate$KernelServicesBuilderImpl.build(CoreModelTestDelegate.java:534)
	at org.jboss.as.core.model.test.deployment.StandaloneDeploymentTestCase.createKernelServices(StandaloneDeploymentTestCase.java:898)
	at org.jboss.as.core.model.test.deployment.StandaloneDeploymentTestCase.testDeploymentFullReplaceHandlerNoDeployment(StandaloneDeploymentTestCase.java:414)
	at sun.reflect.NativeMethodAccessorImpl.invoke0(Native Method)
	at sun.reflect.NativeMethodAccessorImpl.invoke(NativeMethodAccessorImpl.java:90)
	at sun.reflect.DelegatingMethodAccessorImpl.invoke(DelegatingMethodAccessorImpl.java:55)
	at java.lang.reflect.Method.invoke(Method.java:508)
	at org.junit.runners.model.FrameworkMethod$1.runReflectiveCall(FrameworkMethod.java:50)
	at org.junit.internal.runners.model.ReflectiveCallable.run(ReflectiveCallable.java:12)
	at org.junit.runners.model.FrameworkMethod.invokeExplosively(FrameworkMethod.java:47)
	at org.junit.internal.runners.statements.InvokeMethod.evaluate(InvokeMethod.java:17)
	at org.junit.internal.runners.statements.RunBefores.evaluate(RunBefores.java:26)
	at org.junit.internal.runners.statements.RunAfters.evaluate(RunAfters.java:27)
	at org.junit.runners.ParentRunner.runLeaf(ParentRunner.java:325)
	at org.junit.runners.BlockJUnit4ClassRunner.runChild(BlockJUnit4ClassRunner.java:78)
	at org.junit.runners.BlockJUnit4ClassRunner.runChild(BlockJUnit4ClassRunner.java:57)
	at org.junit.runners.ParentRunner$3.run(ParentRunner.java:290)
	at org.junit.runners.ParentRunner$1.schedule(ParentRunner.java:71)
	at org.junit.runners.ParentRunner.runChildren(ParentRunner.java:288)
	at org.junit.runners.ParentRunner.access$000(ParentRunner.java:58)
	at org.junit.runners.ParentRunner$2.evaluate(ParentRunner.java:268)
	at org.junit.runners.ParentRunner.run(ParentRunner.java:363)
	at org.junit.runners.Suite.runChild(Suite.java:128)
	at org.junit.runners.Suite.runChild(Suite.java:27)
	at org.junit.runners.ParentRunner$3.run(ParentRunner.java:290)
	at org.junit.runners.ParentRunner$1.schedule(ParentRunner.java:71)
	at org.junit.runners.ParentRunner.runChildren(ParentRunner.java:288)
	at org.junit.runners.ParentRunner.access$000(ParentRunner.java:58)
	at org.junit.runners.ParentRunner$2.evaluate(ParentRunner.java:268)
	at org.junit.runners.ParentRunner.run(ParentRunner.java:363)
	at org.apache.maven.surefire.junitcore.JUnitCore.run(JUnitCore.java:55)
	at org.apache.maven.surefire.junitcore.JUnitCoreWrapper.createRequestAndRun(JUnitCoreWrapper.java:137)
	at org.apache.maven.surefire.junitcore.JUnitCoreWrapper.executeEager(JUnitCoreWrapper.java:107)
	at org.apache.maven.surefire.junitcore.JUnitCoreWrapper.execute(JUnitCoreWrapper.java:83)
	at org.apache.maven.surefire.junitcore.JUnitCoreWrapper.execute(JUnitCoreWrapper.java:75)
	at org.apache.maven.surefire.junitcore.JUnitCoreProvider.invoke(JUnitCoreProvider.java:158)
	at org.apache.maven.surefire.booter.ForkedBooter.invokeProviderInSameClassLoader(ForkedBooter.java:383)
	at org.apache.maven.surefire.booter.ForkedBooter.runSuitesInProcess(ForkedBooter.java:344)
	at org.apache.maven.surefire.booter.ForkedBooter.execute(ForkedBooter.java:125)
	at org.apache.maven.surefire.booter.ForkedBooter.main(ForkedBooter.java:417)

Oct 03, 2018 5:10:36 PM org.jboss.as.server.ServerEnvironment <init>
ERROR: WFLYSRV0024: Cannot add module 'org.jboss.vfs' as URLStreamHandlerFactory provider
org.jboss.modules.ModuleNotFoundException: org.jboss.vfs
	at org.jboss.modules.ModuleLoader.loadModule(ModuleLoader.java:294)
	at org.jboss.as.server.ServerEnvironment.<init>(ServerEnvironment.java:629)
	at org.jboss.as.server.ServerEnvironment.<init>(ServerEnvironment.java:335)
	at org.jboss.as.core.model.test.TestModelControllerService.createStandaloneServerEnvironment(TestModelControllerService.java:212)
	at org.jboss.as.core.model.test.TestModelControllerService.access$400(TestModelControllerService.java:111)
	at org.jboss.as.core.model.test.TestModelControllerService$ServerInitializer.<init>(TestModelControllerService.java:410)
	at org.jboss.as.core.model.test.TestModelControllerService$ServerInitializer.<init>(TestModelControllerService.java:408)
	at org.jboss.as.core.model.test.TestModelControllerService.<init>(TestModelControllerService.java:141)
	at org.jboss.as.core.model.test.TestModelControllerService.create(TestModelControllerService.java:151)
	at org.jboss.as.core.model.test.AbstractKernelServicesImpl$StandardTestModelControllerServiceFactory.create(AbstractKernelServicesImpl.java:168)
	at org.jboss.as.core.model.test.AbstractKernelServicesImpl.create(AbstractKernelServicesImpl.java:112)
	at org.jboss.as.core.model.test.CoreModelTestDelegate$KernelServicesBuilderImpl.build(CoreModelTestDelegate.java:534)
	at org.jboss.as.core.model.test.deployment.StandaloneDeploymentTestCase.createKernelServices(StandaloneDeploymentTestCase.java:898)
	at org.jboss.as.core.model.test.deployment.StandaloneDeploymentTestCase.testDeploymentReplaceHandlerNoDeployment(StandaloneDeploymentTestCase.java:548)
	at sun.reflect.NativeMethodAccessorImpl.invoke0(Native Method)
	at sun.reflect.NativeMethodAccessorImpl.invoke(NativeMethodAccessorImpl.java:90)
	at sun.reflect.DelegatingMethodAccessorImpl.invoke(DelegatingMethodAccessorImpl.java:55)
	at java.lang.reflect.Method.invoke(Method.java:508)
	at org.junit.runners.model.FrameworkMethod$1.runReflectiveCall(FrameworkMethod.java:50)
	at org.junit.internal.runners.model.ReflectiveCallable.run(ReflectiveCallable.java:12)
	at org.junit.runners.model.FrameworkMethod.invokeExplosively(FrameworkMethod.java:47)
	at org.junit.internal.runners.statements.InvokeMethod.evaluate(InvokeMethod.java:17)
	at org.junit.internal.runners.statements.RunBefores.evaluate(RunBefores.java:26)
	at org.junit.internal.runners.statements.RunAfters.evaluate(RunAfters.java:27)
	at org.junit.runners.ParentRunner.runLeaf(ParentRunner.java:325)
	at org.junit.runners.BlockJUnit4ClassRunner.runChild(BlockJUnit4ClassRunner.java:78)
	at org.junit.runners.BlockJUnit4ClassRunner.runChild(BlockJUnit4ClassRunner.java:57)
	at org.junit.runners.ParentRunner$3.run(ParentRunner.java:290)
	at org.junit.runners.ParentRunner$1.schedule(ParentRunner.java:71)
	at org.junit.runners.ParentRunner.runChildren(ParentRunner.java:288)
	at org.junit.runners.ParentRunner.access$000(ParentRunner.java:58)
	at org.junit.runners.ParentRunner$2.evaluate(ParentRunner.java:268)
	at org.junit.runners.ParentRunner.run(ParentRunner.java:363)
	at org.junit.runners.Suite.runChild(Suite.java:128)
	at org.junit.runners.Suite.runChild(Suite.java:27)
	at org.junit.runners.ParentRunner$3.run(ParentRunner.java:290)
	at org.junit.runners.ParentRunner$1.schedule(ParentRunner.java:71)
	at org.junit.runners.ParentRunner.runChildren(ParentRunner.java:288)
	at org.junit.runners.ParentRunner.access$000(ParentRunner.java:58)
	at org.junit.runners.ParentRunner$2.evaluate(ParentRunner.java:268)
	at org.junit.runners.ParentRunner.run(ParentRunner.java:363)
	at org.apache.maven.surefire.junitcore.JUnitCore.run(JUnitCore.java:55)
	at org.apache.maven.surefire.junitcore.JUnitCoreWrapper.createRequestAndRun(JUnitCoreWrapper.java:137)
	at org.apache.maven.surefire.junitcore.JUnitCoreWrapper.executeEager(JUnitCoreWrapper.java:107)
	at org.apache.maven.surefire.junitcore.JUnitCoreWrapper.execute(JUnitCoreWrapper.java:83)
	at org.apache.maven.surefire.junitcore.JUnitCoreWrapper.execute(JUnitCoreWrapper.java:75)
	at org.apache.maven.surefire.junitcore.JUnitCoreProvider.invoke(JUnitCoreProvider.java:158)
	at org.apache.maven.surefire.booter.ForkedBooter.invokeProviderInSameClassLoader(ForkedBooter.java:383)
	at org.apache.maven.surefire.booter.ForkedBooter.runSuitesInProcess(ForkedBooter.java:344)
	at org.apache.maven.surefire.booter.ForkedBooter.execute(ForkedBooter.java:125)
	at org.apache.maven.surefire.booter.ForkedBooter.main(ForkedBooter.java:417)

Oct 03, 2018 5:10:36 PM org.jboss.as.repository.ContentRepositoryImpl addContent
INFO: WFLYDR0001: Content added at location /home/hudson/hudson_workspace/workspace/eap-7.x-as-testsuite-core-rhel/b485da8d/core-model-test/tests/target/deployment-repository/11/966ab9c099f8fabefac54c08d5be2bd8c903af/content
Oct 03, 2018 5:10:36 PM org.jboss.as.repository.ContentRepositoryImpl removeContent
INFO: WFLYDR0002: Content removed from location /home/hudson/hudson_workspace/workspace/eap-7.x-as-testsuite-core-rhel/b485da8d/core-model-test/tests/target/deployment-repository/11/966ab9c099f8fabefac54c08d5be2bd8c903af/content
Oct 03, 2018 5:10:36 PM org.jboss.as.repository.ContentRepositoryImpl addContent
INFO: WFLYDR0001: Content added at location /home/hudson/hudson_workspace/workspace/eap-7.x-as-testsuite-core-rhel/b485da8d/core-model-test/tests/target/deployment-repository/11/966ab9c099f8fabefac54c08d5be2bd8c903af/content
Oct 03, 2018 5:10:36 PM org.jboss.as.server.ServerEnvironment <init>
ERROR: WFLYSRV0024: Cannot add module 'org.jboss.vfs' as URLStreamHandlerFactory provider
org.jboss.modules.ModuleNotFoundException: org.jboss.vfs
	at org.jboss.modules.ModuleLoader.loadModule(ModuleLoader.java:294)
	at org.jboss.as.server.ServerEnvironment.<init>(ServerEnvironment.java:629)
	at org.jboss.as.server.ServerEnvironment.<init>(ServerEnvironment.java:335)
	at org.jboss.as.core.model.test.TestModelControllerService.createStandaloneServerEnvironment(TestModelControllerService.java:212)
	at org.jboss.as.core.model.test.TestModelControllerService.access$400(TestModelControllerService.java:111)
	at org.jboss.as.core.model.test.TestModelControllerService$ServerInitializer.<init>(TestModelControllerService.java:410)
	at org.jboss.as.core.model.test.TestModelControllerService$ServerInitializer.<init>(TestModelControllerService.java:408)
	at org.jboss.as.core.model.test.TestModelControllerService.<init>(TestModelControllerService.java:141)
	at org.jboss.as.core.model.test.TestModelControllerService.create(TestModelControllerService.java:151)
	at org.jboss.as.core.model.test.AbstractKernelServicesImpl$StandardTestModelControllerServiceFactory.create(AbstractKernelServicesImpl.java:168)
	at org.jboss.as.core.model.test.AbstractKernelServicesImpl.create(AbstractKernelServicesImpl.java:112)
	at org.jboss.as.core.model.test.CoreModelTestDelegate$KernelServicesBuilderImpl.build(CoreModelTestDelegate.java:534)
	at org.jboss.as.core.model.test.deployment.StandaloneDeploymentTestCase.createKernelServices(StandaloneDeploymentTestCase.java:898)
	at org.jboss.as.core.model.test.deployment.StandaloneDeploymentTestCase.testDeployManagedDeployment(StandaloneDeploymentTestCase.java:196)
	at sun.reflect.NativeMethodAccessorImpl.invoke0(Native Method)
	at sun.reflect.NativeMethodAccessorImpl.invoke(NativeMethodAccessorImpl.java:90)
	at sun.reflect.DelegatingMethodAccessorImpl.invoke(DelegatingMethodAccessorImpl.java:55)
	at java.lang.reflect.Method.invoke(Method.java:508)
	at org.junit.runners.model.FrameworkMethod$1.runReflectiveCall(FrameworkMethod.java:50)
	at org.junit.internal.runners.model.ReflectiveCallable.run(ReflectiveCallable.java:12)
	at org.junit.runners.model.FrameworkMethod.invokeExplosively(FrameworkMethod.java:47)
	at org.junit.internal.runners.statements.InvokeMethod.evaluate(InvokeMethod.java:17)
	at org.junit.internal.runners.statements.RunBefores.evaluate(RunBefores.java:26)
	at org.junit.internal.runners.statements.RunAfters.evaluate(RunAfters.java:27)
	at org.junit.runners.ParentRunner.runLeaf(ParentRunner.java:325)
	at org.junit.runners.BlockJUnit4ClassRunner.runChild(BlockJUnit4ClassRunner.java:78)
	at org.junit.runners.BlockJUnit4ClassRunner.runChild(BlockJUnit4ClassRunner.java:57)
	at org.junit.runners.ParentRunner$3.run(ParentRunner.java:290)
	at org.junit.runners.ParentRunner$1.schedule(ParentRunner.java:71)
	at org.junit.runners.ParentRunner.runChildren(ParentRunner.java:288)
	at org.junit.runners.ParentRunner.access$000(ParentRunner.java:58)
	at org.junit.runners.ParentRunner$2.evaluate(ParentRunner.java:268)
	at org.junit.runners.ParentRunner.run(ParentRunner.java:363)
	at org.junit.runners.Suite.runChild(Suite.java:128)
	at org.junit.runners.Suite.runChild(Suite.java:27)
	at org.junit.runners.ParentRunner$3.run(ParentRunner.java:290)
	at org.junit.runners.ParentRunner$1.schedule(ParentRunner.java:71)
	at org.junit.runners.ParentRunner.runChildren(ParentRunner.java:288)
	at org.junit.runners.ParentRunner.access$000(ParentRunner.java:58)
	at org.junit.runners.ParentRunner$2.evaluate(ParentRunner.java:268)
	at org.junit.runners.ParentRunner.run(ParentRunner.java:363)
	at org.apache.maven.surefire.junitcore.JUnitCore.run(JUnitCore.java:55)
	at org.apache.maven.surefire.junitcore.JUnitCoreWrapper.createRequestAndRun(JUnitCoreWrapper.java:137)
	at org.apache.maven.surefire.junitcore.JUnitCoreWrapper.executeEager(JUnitCoreWrapper.java:107)
	at org.apache.maven.surefire.junitcore.JUnitCoreWrapper.execute(JUnitCoreWrapper.java:83)
	at org.apache.maven.surefire.junitcore.JUnitCoreWrapper.execute(JUnitCoreWrapper.java:75)
	at org.apache.maven.surefire.junitcore.JUnitCoreProvider.invoke(JUnitCoreProvider.java:158)
	at org.apache.maven.surefire.booter.ForkedBooter.invokeProviderInSameClassLoader(ForkedBooter.java:383)
	at org.apache.maven.surefire.booter.ForkedBooter.runSuitesInProcess(ForkedBooter.java:344)
	at org.apache.maven.surefire.booter.ForkedBooter.execute(ForkedBooter.java:125)
	at org.apache.maven.surefire.booter.ForkedBooter.main(ForkedBooter.java:417)

Oct 03, 2018 5:10:36 PM org.jboss.as.repository.ContentRepositoryImpl addContent
INFO: WFLYDR0001: Content added at location /home/hudson/hudson_workspace/workspace/eap-7.x-as-testsuite-core-rhel/b485da8d/core-model-test/tests/target/deployment-repository/11/966ab9c099f8fabefac54c08d5be2bd8c903af/content
Oct 03, 2018 5:10:36 PM org.jboss.as.repository.ContentRepositoryImpl removeContent
INFO: WFLYDR0002: Content removed from location /home/hudson/hudson_workspace/workspace/eap-7.x-as-testsuite-core-rhel/b485da8d/core-model-test/tests/target/deployment-repository/11/966ab9c099f8fabefac54c08d5be2bd8c903af/content
