Oct 03, 2018 5:14:50 PM org.jboss.msc.service.ServiceContainerImpl <clinit>
INFO: JBoss MSC version 1.4.5.Final
Oct 03, 2018 5:14:50 PM org.jboss.threads.Version <clinit>
INFO: JBoss Threads version 2.3.2.Final
Oct 03, 2018 5:14:51 PM org.jboss.as.server.ServerEnvironment <init>
ERROR: WFLYSRV0024: Cannot add module 'org.jboss.vfs' as URLStreamHandlerFactory provider
org.jboss.modules.ModuleNotFoundException: org.jboss.vfs
	at org.jboss.modules.ModuleLoader.loadModule(ModuleLoader.java:294)
	at org.jboss.as.server.ServerEnvironment.<init>(ServerEnvironment.java:629)
	at org.jboss.as.server.ServerEnvironment.<init>(ServerEnvironment.java:335)
	at org.jboss.as.core.model.test.TestModelControllerService.createStandaloneServerEnvironment(TestModelControllerService.java:212)
	at org.jboss.as.core.model.test.TestModelControllerService.access$400(TestModelControllerService.java:111)
	at org.jboss.as.core.model.test.TestModelControllerService$ServerInitializer.<init>(TestModelControllerService.java:410)
	at org.jboss.as.core.model.test.TestModelControllerService$ServerInitializer.<init>(TestModelControllerService.java:408)
	at org.jboss.as.core.model.test.TestModelControllerService.<init>(TestModelControllerService.java:141)
	at org.jboss.as.core.model.test.TestModelControllerService.create(TestModelControllerService.java:151)
	at org.jboss.as.core.model.test.AbstractKernelServicesImpl$StandardTestModelControllerServiceFactory.create(AbstractKernelServicesImpl.java:168)
	at org.jboss.as.core.model.test.AbstractKernelServicesImpl.create(AbstractKernelServicesImpl.java:112)
	at org.jboss.as.core.model.test.CoreModelTestDelegate$KernelServicesBuilderImpl.build(CoreModelTestDelegate.java:534)
	at org.jboss.as.core.model.test.vault.StandaloneVaultTestCase.createEmptyRoot(StandaloneVaultTestCase.java:119)
	at org.jboss.as.core.model.test.vault.StandaloneVaultTestCase.testValidVaultExpressionInSysProperty(StandaloneVaultTestCase.java:54)
	at sun.reflect.NativeMethodAccessorImpl.invoke0(Native Method)
	at sun.reflect.NativeMethodAccessorImpl.invoke(NativeMethodAccessorImpl.java:90)
	at sun.reflect.DelegatingMethodAccessorImpl.invoke(DelegatingMethodAccessorImpl.java:55)
	at java.lang.reflect.Method.invoke(Method.java:508)
	at org.junit.runners.model.FrameworkMethod$1.runReflectiveCall(FrameworkMethod.java:50)
	at org.junit.internal.runners.model.ReflectiveCallable.run(ReflectiveCallable.java:12)
	at org.junit.runners.model.FrameworkMethod.invokeExplosively(FrameworkMethod.java:47)
	at org.junit.internal.runners.statements.InvokeMethod.evaluate(InvokeMethod.java:17)
	at org.junit.internal.runners.statements.RunBefores.evaluate(RunBefores.java:26)
	at org.junit.internal.runners.statements.RunAfters.evaluate(RunAfters.java:27)
	at org.junit.runners.ParentRunner.runLeaf(ParentRunner.java:325)
	at org.junit.runners.BlockJUnit4ClassRunner.runChild(BlockJUnit4ClassRunner.java:78)
	at org.junit.runners.BlockJUnit4ClassRunner.runChild(BlockJUnit4ClassRunner.java:57)
	at org.junit.runners.ParentRunner$3.run(ParentRunner.java:290)
	at org.junit.runners.ParentRunner$1.schedule(ParentRunner.java:71)
	at org.junit.runners.ParentRunner.runChildren(ParentRunner.java:288)
	at org.junit.runners.ParentRunner.access$000(ParentRunner.java:58)
	at org.junit.runners.ParentRunner$2.evaluate(ParentRunner.java:268)
	at org.junit.runners.ParentRunner.run(ParentRunner.java:363)
	at org.junit.runners.Suite.runChild(Suite.java:128)
	at org.junit.runners.Suite.runChild(Suite.java:27)
	at org.junit.runners.ParentRunner$3.run(ParentRunner.java:290)
	at org.junit.runners.ParentRunner$1.schedule(ParentRunner.java:71)
	at org.junit.runners.ParentRunner.runChildren(ParentRunner.java:288)
	at org.junit.runners.ParentRunner.access$000(ParentRunner.java:58)
	at org.junit.runners.ParentRunner$2.evaluate(ParentRunner.java:268)
	at org.junit.runners.ParentRunner.run(ParentRunner.java:363)
	at org.apache.maven.surefire.junitcore.JUnitCore.run(JUnitCore.java:55)
	at org.apache.maven.surefire.junitcore.JUnitCoreWrapper.createRequestAndRun(JUnitCoreWrapper.java:137)
	at org.apache.maven.surefire.junitcore.JUnitCoreWrapper.executeEager(JUnitCoreWrapper.java:107)
	at org.apache.maven.surefire.junitcore.JUnitCoreWrapper.execute(JUnitCoreWrapper.java:83)
	at org.apache.maven.surefire.junitcore.JUnitCoreWrapper.execute(JUnitCoreWrapper.java:75)
	at org.apache.maven.surefire.junitcore.JUnitCoreProvider.invoke(JUnitCoreProvider.java:158)
	at org.apache.maven.surefire.booter.ForkedBooter.invokeProviderInSameClassLoader(ForkedBooter.java:383)
	at org.apache.maven.surefire.booter.ForkedBooter.runSuitesInProcess(ForkedBooter.java:344)
	at org.apache.maven.surefire.booter.ForkedBooter.execute(ForkedBooter.java:125)
	at org.apache.maven.surefire.booter.ForkedBooter.main(ForkedBooter.java:417)

Oct 03, 2018 5:14:52 PM org.jboss.as.server.ServerEnvironment <init>
ERROR: WFLYSRV0024: Cannot add module 'org.jboss.vfs' as URLStreamHandlerFactory provider
org.jboss.modules.ModuleNotFoundException: org.jboss.vfs
	at org.jboss.modules.ModuleLoader.loadModule(ModuleLoader.java:294)
	at org.jboss.as.server.ServerEnvironment.<init>(ServerEnvironment.java:629)
	at org.jboss.as.server.ServerEnvironment.<init>(ServerEnvironment.java:335)
	at org.jboss.as.core.model.test.TestModelControllerService.createStandaloneServerEnvironment(TestModelControllerService.java:212)
	at org.jboss.as.core.model.test.TestModelControllerService.access$400(TestModelControllerService.java:111)
	at org.jboss.as.core.model.test.TestModelControllerService$ServerInitializer.<init>(TestModelControllerService.java:410)
	at org.jboss.as.core.model.test.TestModelControllerService$ServerInitializer.<init>(TestModelControllerService.java:408)
	at org.jboss.as.core.model.test.TestModelControllerService.<init>(TestModelControllerService.java:141)
	at org.jboss.as.core.model.test.TestModelControllerService.create(TestModelControllerService.java:151)
	at org.jboss.as.core.model.test.AbstractKernelServicesImpl$StandardTestModelControllerServiceFactory.create(AbstractKernelServicesImpl.java:168)
	at org.jboss.as.core.model.test.AbstractKernelServicesImpl.create(AbstractKernelServicesImpl.java:112)
	at org.jboss.as.core.model.test.CoreModelTestDelegate$KernelServicesBuilderImpl.build(CoreModelTestDelegate.java:534)
	at org.jboss.as.core.model.test.vault.StandaloneVaultTestCase.createEmptyRoot(StandaloneVaultTestCase.java:119)
	at org.jboss.as.core.model.test.vault.StandaloneVaultTestCase.testInvalidVaultExpressionInSysProperty(StandaloneVaultTestCase.java:86)
	at sun.reflect.NativeMethodAccessorImpl.invoke0(Native Method)
	at sun.reflect.NativeMethodAccessorImpl.invoke(NativeMethodAccessorImpl.java:90)
	at sun.reflect.DelegatingMethodAccessorImpl.invoke(DelegatingMethodAccessorImpl.java:55)
	at java.lang.reflect.Method.invoke(Method.java:508)
	at org.junit.runners.model.FrameworkMethod$1.runReflectiveCall(FrameworkMethod.java:50)
	at org.junit.internal.runners.model.ReflectiveCallable.run(ReflectiveCallable.java:12)
	at org.junit.runners.model.FrameworkMethod.invokeExplosively(FrameworkMethod.java:47)
	at org.junit.internal.runners.statements.InvokeMethod.evaluate(InvokeMethod.java:17)
	at org.junit.internal.runners.statements.RunBefores.evaluate(RunBefores.java:26)
	at org.junit.internal.runners.statements.RunAfters.evaluate(RunAfters.java:27)
	at org.junit.runners.ParentRunner.runLeaf(ParentRunner.java:325)
	at org.junit.runners.BlockJUnit4ClassRunner.runChild(BlockJUnit4ClassRunner.java:78)
	at org.junit.runners.BlockJUnit4ClassRunner.runChild(BlockJUnit4ClassRunner.java:57)
	at org.junit.runners.ParentRunner$3.run(ParentRunner.java:290)
	at org.junit.runners.ParentRunner$1.schedule(ParentRunner.java:71)
	at org.junit.runners.ParentRunner.runChildren(ParentRunner.java:288)
	at org.junit.runners.ParentRunner.access$000(ParentRunner.java:58)
	at org.junit.runners.ParentRunner$2.evaluate(ParentRunner.java:268)
	at org.junit.runners.ParentRunner.run(ParentRunner.java:363)
	at org.junit.runners.Suite.runChild(Suite.java:128)
	at org.junit.runners.Suite.runChild(Suite.java:27)
	at org.junit.runners.ParentRunner$3.run(ParentRunner.java:290)
	at org.junit.runners.ParentRunner$1.schedule(ParentRunner.java:71)
	at org.junit.runners.ParentRunner.runChildren(ParentRunner.java:288)
	at org.junit.runners.ParentRunner.access$000(ParentRunner.java:58)
	at org.junit.runners.ParentRunner$2.evaluate(ParentRunner.java:268)
	at org.junit.runners.ParentRunner.run(ParentRunner.java:363)
	at org.apache.maven.surefire.junitcore.JUnitCore.run(JUnitCore.java:55)
	at org.apache.maven.surefire.junitcore.JUnitCoreWrapper.createRequestAndRun(JUnitCoreWrapper.java:137)
	at org.apache.maven.surefire.junitcore.JUnitCoreWrapper.executeEager(JUnitCoreWrapper.java:107)
	at org.apache.maven.surefire.junitcore.JUnitCoreWrapper.execute(JUnitCoreWrapper.java:83)
	at org.apache.maven.surefire.junitcore.JUnitCoreWrapper.execute(JUnitCoreWrapper.java:75)
	at org.apache.maven.surefire.junitcore.JUnitCoreProvider.invoke(JUnitCoreProvider.java:158)
	at org.apache.maven.surefire.booter.ForkedBooter.invokeProviderInSameClassLoader(ForkedBooter.java:383)
	at org.apache.maven.surefire.booter.ForkedBooter.runSuitesInProcess(ForkedBooter.java:344)
	at org.apache.maven.surefire.booter.ForkedBooter.execute(ForkedBooter.java:125)
	at org.apache.maven.surefire.booter.ForkedBooter.main(ForkedBooter.java:417)

Oct 03, 2018 5:14:52 PM org.jboss.as.controller.AbstractOperationContext executeStep
ERROR: WFLYCTL0013: Operation ("add") failed - address: ([("core-service" => "vault")]) - failure description: "WFLYCTL0211: Cannot resolve expression '${VAULT::WRONG::two::xxx}'"
Oct 03, 2018 5:14:52 PM org.jboss.as.server.ServerEnvironment <init>
ERROR: WFLYSRV0024: Cannot add module 'org.jboss.vfs' as URLStreamHandlerFactory provider
org.jboss.modules.ModuleNotFoundException: org.jboss.vfs
	at org.jboss.modules.ModuleLoader.loadModule(ModuleLoader.java:294)
	at org.jboss.as.server.ServerEnvironment.<init>(ServerEnvironment.java:629)
	at org.jboss.as.server.ServerEnvironment.<init>(ServerEnvironment.java:335)
	at org.jboss.as.core.model.test.TestModelControllerService.createStandaloneServerEnvironment(TestModelControllerService.java:212)
	at org.jboss.as.core.model.test.TestModelControllerService.access$400(TestModelControllerService.java:111)
	at org.jboss.as.core.model.test.TestModelControllerService$ServerInitializer.<init>(TestModelControllerService.java:410)
	at org.jboss.as.core.model.test.TestModelControllerService$ServerInitializer.<init>(TestModelControllerService.java:408)
	at org.jboss.as.core.model.test.TestModelControllerService.<init>(TestModelControllerService.java:141)
	at org.jboss.as.core.model.test.TestModelControllerService.create(TestModelControllerService.java:151)
	at org.jboss.as.core.model.test.AbstractKernelServicesImpl$StandardTestModelControllerServiceFactory.create(AbstractKernelServicesImpl.java:168)
	at org.jboss.as.core.model.test.AbstractKernelServicesImpl.create(AbstractKernelServicesImpl.java:112)
	at org.jboss.as.core.model.test.CoreModelTestDelegate$KernelServicesBuilderImpl.build(CoreModelTestDelegate.java:534)
	at org.jboss.as.core.model.test.vault.StandaloneVaultTestCase.createEmptyRoot(StandaloneVaultTestCase.java:119)
	at org.jboss.as.core.model.test.vault.AbstractVaultTest.testAddAndRemoveVaultWithData(AbstractVaultTest.java:81)
	at sun.reflect.NativeMethodAccessorImpl.invoke0(Native Method)
	at sun.reflect.NativeMethodAccessorImpl.invoke(NativeMethodAccessorImpl.java:90)
	at sun.reflect.DelegatingMethodAccessorImpl.invoke(DelegatingMethodAccessorImpl.java:55)
	at java.lang.reflect.Method.invoke(Method.java:508)
	at org.junit.runners.model.FrameworkMethod$1.runReflectiveCall(FrameworkMethod.java:50)
	at org.junit.internal.runners.model.ReflectiveCallable.run(ReflectiveCallable.java:12)
	at org.junit.runners.model.FrameworkMethod.invokeExplosively(FrameworkMethod.java:47)
	at org.junit.internal.runners.statements.InvokeMethod.evaluate(InvokeMethod.java:17)
	at org.junit.internal.runners.statements.RunBefores.evaluate(RunBefores.java:26)
	at org.junit.internal.runners.statements.RunAfters.evaluate(RunAfters.java:27)
	at org.junit.runners.ParentRunner.runLeaf(ParentRunner.java:325)
	at org.junit.runners.BlockJUnit4ClassRunner.runChild(BlockJUnit4ClassRunner.java:78)
	at org.junit.runners.BlockJUnit4ClassRunner.runChild(BlockJUnit4ClassRunner.java:57)
	at org.junit.runners.ParentRunner$3.run(ParentRunner.java:290)
	at org.junit.runners.ParentRunner$1.schedule(ParentRunner.java:71)
	at org.junit.runners.ParentRunner.runChildren(ParentRunner.java:288)
	at org.junit.runners.ParentRunner.access$000(ParentRunner.java:58)
	at org.junit.runners.ParentRunner$2.evaluate(ParentRunner.java:268)
	at org.junit.runners.ParentRunner.run(ParentRunner.java:363)
	at org.junit.runners.Suite.runChild(Suite.java:128)
	at org.junit.runners.Suite.runChild(Suite.java:27)
	at org.junit.runners.ParentRunner$3.run(ParentRunner.java:290)
	at org.junit.runners.ParentRunner$1.schedule(ParentRunner.java:71)
	at org.junit.runners.ParentRunner.runChildren(ParentRunner.java:288)
	at org.junit.runners.ParentRunner.access$000(ParentRunner.java:58)
	at org.junit.runners.ParentRunner$2.evaluate(ParentRunner.java:268)
	at org.junit.runners.ParentRunner.run(ParentRunner.java:363)
	at org.apache.maven.surefire.junitcore.JUnitCore.run(JUnitCore.java:55)
	at org.apache.maven.surefire.junitcore.JUnitCoreWrapper.createRequestAndRun(JUnitCoreWrapper.java:137)
	at org.apache.maven.surefire.junitcore.JUnitCoreWrapper.executeEager(JUnitCoreWrapper.java:107)
	at org.apache.maven.surefire.junitcore.JUnitCoreWrapper.execute(JUnitCoreWrapper.java:83)
	at org.apache.maven.surefire.junitcore.JUnitCoreWrapper.execute(JUnitCoreWrapper.java:75)
	at org.apache.maven.surefire.junitcore.JUnitCoreProvider.invoke(JUnitCoreProvider.java:158)
	at org.apache.maven.surefire.booter.ForkedBooter.invokeProviderInSameClassLoader(ForkedBooter.java:383)
	at org.apache.maven.surefire.booter.ForkedBooter.runSuitesInProcess(ForkedBooter.java:344)
	at org.apache.maven.surefire.booter.ForkedBooter.execute(ForkedBooter.java:125)
	at org.apache.maven.surefire.booter.ForkedBooter.main(ForkedBooter.java:417)

Oct 03, 2018 5:14:52 PM org.jboss.as.server.ServerEnvironment <init>
ERROR: WFLYSRV0024: Cannot add module 'org.jboss.vfs' as URLStreamHandlerFactory provider
org.jboss.modules.ModuleNotFoundException: org.jboss.vfs
	at org.jboss.modules.ModuleLoader.loadModule(ModuleLoader.java:294)
	at org.jboss.as.server.ServerEnvironment.<init>(ServerEnvironment.java:629)
	at org.jboss.as.server.ServerEnvironment.<init>(ServerEnvironment.java:335)
	at org.jboss.as.core.model.test.TestModelControllerService.createStandaloneServerEnvironment(TestModelControllerService.java:212)
	at org.jboss.as.core.model.test.TestModelControllerService.access$400(TestModelControllerService.java:111)
	at org.jboss.as.core.model.test.TestModelControllerService$ServerInitializer.<init>(TestModelControllerService.java:410)
	at org.jboss.as.core.model.test.TestModelControllerService$ServerInitializer.<init>(TestModelControllerService.java:408)
	at org.jboss.as.core.model.test.TestModelControllerService.<init>(TestModelControllerService.java:141)
	at org.jboss.as.core.model.test.TestModelControllerService.create(TestModelControllerService.java:151)
	at org.jboss.as.core.model.test.AbstractKernelServicesImpl$StandardTestModelControllerServiceFactory.create(AbstractKernelServicesImpl.java:168)
	at org.jboss.as.core.model.test.AbstractKernelServicesImpl.create(AbstractKernelServicesImpl.java:112)
	at org.jboss.as.core.model.test.CoreModelTestDelegate$KernelServicesBuilderImpl.build(CoreModelTestDelegate.java:534)
	at org.jboss.as.core.model.test.vault.StandaloneVaultTestCase.createEmptyRoot(StandaloneVaultTestCase.java:119)
	at org.jboss.as.core.model.test.vault.AbstractVaultTest.testAddAndRemoveVaultWithBadOptions(AbstractVaultTest.java:104)
	at sun.reflect.NativeMethodAccessorImpl.invoke0(Native Method)
	at sun.reflect.NativeMethodAccessorImpl.invoke(NativeMethodAccessorImpl.java:90)
	at sun.reflect.DelegatingMethodAccessorImpl.invoke(DelegatingMethodAccessorImpl.java:55)
	at java.lang.reflect.Method.invoke(Method.java:508)
	at org.junit.runners.model.FrameworkMethod$1.runReflectiveCall(FrameworkMethod.java:50)
	at org.junit.internal.runners.model.ReflectiveCallable.run(ReflectiveCallable.java:12)
	at org.junit.runners.model.FrameworkMethod.invokeExplosively(FrameworkMethod.java:47)
	at org.junit.internal.runners.statements.InvokeMethod.evaluate(InvokeMethod.java:17)
	at org.junit.internal.runners.statements.RunBefores.evaluate(RunBefores.java:26)
	at org.junit.internal.runners.statements.RunAfters.evaluate(RunAfters.java:27)
	at org.junit.runners.ParentRunner.runLeaf(ParentRunner.java:325)
	at org.junit.runners.BlockJUnit4ClassRunner.runChild(BlockJUnit4ClassRunner.java:78)
	at org.junit.runners.BlockJUnit4ClassRunner.runChild(BlockJUnit4ClassRunner.java:57)
	at org.junit.runners.ParentRunner$3.run(ParentRunner.java:290)
	at org.junit.runners.ParentRunner$1.schedule(ParentRunner.java:71)
	at org.junit.runners.ParentRunner.runChildren(ParentRunner.java:288)
	at org.junit.runners.ParentRunner.access$000(ParentRunner.java:58)
	at org.junit.runners.ParentRunner$2.evaluate(ParentRunner.java:268)
	at org.junit.runners.ParentRunner.run(ParentRunner.java:363)
	at org.junit.runners.Suite.runChild(Suite.java:128)
	at org.junit.runners.Suite.runChild(Suite.java:27)
	at org.junit.runners.ParentRunner$3.run(ParentRunner.java:290)
	at org.junit.runners.ParentRunner$1.schedule(ParentRunner.java:71)
	at org.junit.runners.ParentRunner.runChildren(ParentRunner.java:288)
	at org.junit.runners.ParentRunner.access$000(ParentRunner.java:58)
	at org.junit.runners.ParentRunner$2.evaluate(ParentRunner.java:268)
	at org.junit.runners.ParentRunner.run(ParentRunner.java:363)
	at org.apache.maven.surefire.junitcore.JUnitCore.run(JUnitCore.java:55)
	at org.apache.maven.surefire.junitcore.JUnitCoreWrapper.createRequestAndRun(JUnitCoreWrapper.java:137)
	at org.apache.maven.surefire.junitcore.JUnitCoreWrapper.executeEager(JUnitCoreWrapper.java:107)
	at org.apache.maven.surefire.junitcore.JUnitCoreWrapper.execute(JUnitCoreWrapper.java:83)
	at org.apache.maven.surefire.junitcore.JUnitCoreWrapper.execute(JUnitCoreWrapper.java:75)
	at org.apache.maven.surefire.junitcore.JUnitCoreProvider.invoke(JUnitCoreProvider.java:158)
	at org.apache.maven.surefire.booter.ForkedBooter.invokeProviderInSameClassLoader(ForkedBooter.java:383)
	at org.apache.maven.surefire.booter.ForkedBooter.runSuitesInProcess(ForkedBooter.java:344)
	at org.apache.maven.surefire.booter.ForkedBooter.execute(ForkedBooter.java:125)
	at org.apache.maven.surefire.booter.ForkedBooter.main(ForkedBooter.java:417)

Oct 03, 2018 5:14:53 PM org.jboss.as.server.ServerEnvironment <init>
ERROR: WFLYSRV0024: Cannot add module 'org.jboss.vfs' as URLStreamHandlerFactory provider
org.jboss.modules.ModuleNotFoundException: org.jboss.vfs
	at org.jboss.modules.ModuleLoader.loadModule(ModuleLoader.java:294)
	at org.jboss.as.server.ServerEnvironment.<init>(ServerEnvironment.java:629)
	at org.jboss.as.server.ServerEnvironment.<init>(ServerEnvironment.java:335)
	at org.jboss.as.core.model.test.TestModelControllerService.createStandaloneServerEnvironment(TestModelControllerService.java:212)
	at org.jboss.as.core.model.test.TestModelControllerService.access$400(TestModelControllerService.java:111)
	at org.jboss.as.core.model.test.TestModelControllerService$ServerInitializer.<init>(TestModelControllerService.java:410)
	at org.jboss.as.core.model.test.TestModelControllerService$ServerInitializer.<init>(TestModelControllerService.java:408)
	at org.jboss.as.core.model.test.TestModelControllerService.<init>(TestModelControllerService.java:141)
	at org.jboss.as.core.model.test.TestModelControllerService.create(TestModelControllerService.java:151)
	at org.jboss.as.core.model.test.AbstractKernelServicesImpl$StandardTestModelControllerServiceFactory.create(AbstractKernelServicesImpl.java:168)
	at org.jboss.as.core.model.test.AbstractKernelServicesImpl.create(AbstractKernelServicesImpl.java:112)
	at org.jboss.as.core.model.test.CoreModelTestDelegate$KernelServicesBuilderImpl.build(CoreModelTestDelegate.java:534)
	at org.jboss.as.core.model.test.vault.AbstractVaultTest.testVaultXml(AbstractVaultTest.java:158)
	at sun.reflect.NativeMethodAccessorImpl.invoke0(Native Method)
	at sun.reflect.NativeMethodAccessorImpl.invoke(NativeMethodAccessorImpl.java:90)
	at sun.reflect.DelegatingMethodAccessorImpl.invoke(DelegatingMethodAccessorImpl.java:55)
	at java.lang.reflect.Method.invoke(Method.java:508)
	at org.junit.runners.model.FrameworkMethod$1.runReflectiveCall(FrameworkMethod.java:50)
	at org.junit.internal.runners.model.ReflectiveCallable.run(ReflectiveCallable.java:12)
	at org.junit.runners.model.FrameworkMethod.invokeExplosively(FrameworkMethod.java:47)
	at org.junit.internal.runners.statements.InvokeMethod.evaluate(InvokeMethod.java:17)
	at org.junit.internal.runners.statements.RunBefores.evaluate(RunBefores.java:26)
	at org.junit.internal.runners.statements.RunAfters.evaluate(RunAfters.java:27)
	at org.junit.runners.ParentRunner.runLeaf(ParentRunner.java:325)
	at org.junit.runners.BlockJUnit4ClassRunner.runChild(BlockJUnit4ClassRunner.java:78)
	at org.junit.runners.BlockJUnit4ClassRunner.runChild(BlockJUnit4ClassRunner.java:57)
	at org.junit.runners.ParentRunner$3.run(ParentRunner.java:290)
	at org.junit.runners.ParentRunner$1.schedule(ParentRunner.java:71)
	at org.junit.runners.ParentRunner.runChildren(ParentRunner.java:288)
	at org.junit.runners.ParentRunner.access$000(ParentRunner.java:58)
	at org.junit.runners.ParentRunner$2.evaluate(ParentRunner.java:268)
	at org.junit.runners.ParentRunner.run(ParentRunner.java:363)
	at org.junit.runners.Suite.runChild(Suite.java:128)
	at org.junit.runners.Suite.runChild(Suite.java:27)
	at org.junit.runners.ParentRunner$3.run(ParentRunner.java:290)
	at org.junit.runners.ParentRunner$1.schedule(ParentRunner.java:71)
	at org.junit.runners.ParentRunner.runChildren(ParentRunner.java:288)
	at org.junit.runners.ParentRunner.access$000(ParentRunner.java:58)
	at org.junit.runners.ParentRunner$2.evaluate(ParentRunner.java:268)
	at org.junit.runners.ParentRunner.run(ParentRunner.java:363)
	at org.apache.maven.surefire.junitcore.JUnitCore.run(JUnitCore.java:55)
	at org.apache.maven.surefire.junitcore.JUnitCoreWrapper.createRequestAndRun(JUnitCoreWrapper.java:137)
	at org.apache.maven.surefire.junitcore.JUnitCoreWrapper.executeEager(JUnitCoreWrapper.java:107)
	at org.apache.maven.surefire.junitcore.JUnitCoreWrapper.execute(JUnitCoreWrapper.java:83)
	at org.apache.maven.surefire.junitcore.JUnitCoreWrapper.execute(JUnitCoreWrapper.java:75)
	at org.apache.maven.surefire.junitcore.JUnitCoreProvider.invoke(JUnitCoreProvider.java:158)
	at org.apache.maven.surefire.booter.ForkedBooter.invokeProviderInSameClassLoader(ForkedBooter.java:383)
	at org.apache.maven.surefire.booter.ForkedBooter.runSuitesInProcess(ForkedBooter.java:344)
	at org.apache.maven.surefire.booter.ForkedBooter.execute(ForkedBooter.java:125)
	at org.apache.maven.surefire.booter.ForkedBooter.main(ForkedBooter.java:417)

Oct 03, 2018 5:14:53 PM org.jboss.as.server.ServerEnvironment <init>
ERROR: WFLYSRV0024: Cannot add module 'org.jboss.vfs' as URLStreamHandlerFactory provider
org.jboss.modules.ModuleNotFoundException: org.jboss.vfs
	at org.jboss.modules.ModuleLoader.loadModule(ModuleLoader.java:294)
	at org.jboss.as.server.ServerEnvironment.<init>(ServerEnvironment.java:629)
	at org.jboss.as.server.ServerEnvironment.<init>(ServerEnvironment.java:335)
	at org.jboss.as.core.model.test.TestModelControllerService.createStandaloneServerEnvironment(TestModelControllerService.java:212)
	at org.jboss.as.core.model.test.TestModelControllerService.access$400(TestModelControllerService.java:111)
	at org.jboss.as.core.model.test.TestModelControllerService$ServerInitializer.<init>(TestModelControllerService.java:410)
	at org.jboss.as.core.model.test.TestModelControllerService$ServerInitializer.<init>(TestModelControllerService.java:408)
	at org.jboss.as.core.model.test.TestModelControllerService.<init>(TestModelControllerService.java:141)
	at org.jboss.as.core.model.test.TestModelControllerService.create(TestModelControllerService.java:151)
	at org.jboss.as.core.model.test.AbstractKernelServicesImpl$StandardTestModelControllerServiceFactory.create(AbstractKernelServicesImpl.java:168)
	at org.jboss.as.core.model.test.AbstractKernelServicesImpl.create(AbstractKernelServicesImpl.java:112)
	at org.jboss.as.core.model.test.CoreModelTestDelegate$KernelServicesBuilderImpl.build(CoreModelTestDelegate.java:534)
	at org.jboss.as.core.model.test.vault.StandaloneVaultTestCase.createEmptyRoot(StandaloneVaultTestCase.java:119)
	at org.jboss.as.core.model.test.vault.AbstractVaultTest.testWriteVaultAttributes(AbstractVaultTest.java:119)
	at sun.reflect.NativeMethodAccessorImpl.invoke0(Native Method)
	at sun.reflect.NativeMethodAccessorImpl.invoke(NativeMethodAccessorImpl.java:90)
	at sun.reflect.DelegatingMethodAccessorImpl.invoke(DelegatingMethodAccessorImpl.java:55)
	at java.lang.reflect.Method.invoke(Method.java:508)
	at org.junit.runners.model.FrameworkMethod$1.runReflectiveCall(FrameworkMethod.java:50)
	at org.junit.internal.runners.model.ReflectiveCallable.run(ReflectiveCallable.java:12)
	at org.junit.runners.model.FrameworkMethod.invokeExplosively(FrameworkMethod.java:47)
	at org.junit.internal.runners.statements.InvokeMethod.evaluate(InvokeMethod.java:17)
	at org.junit.internal.runners.statements.RunBefores.evaluate(RunBefores.java:26)
	at org.junit.internal.runners.statements.RunAfters.evaluate(RunAfters.java:27)
	at org.junit.runners.ParentRunner.runLeaf(ParentRunner.java:325)
	at org.junit.runners.BlockJUnit4ClassRunner.runChild(BlockJUnit4ClassRunner.java:78)
	at org.junit.runners.BlockJUnit4ClassRunner.runChild(BlockJUnit4ClassRunner.java:57)
	at org.junit.runners.ParentRunner$3.run(ParentRunner.java:290)
	at org.junit.runners.ParentRunner$1.schedule(ParentRunner.java:71)
	at org.junit.runners.ParentRunner.runChildren(ParentRunner.java:288)
	at org.junit.runners.ParentRunner.access$000(ParentRunner.java:58)
	at org.junit.runners.ParentRunner$2.evaluate(ParentRunner.java:268)
	at org.junit.runners.ParentRunner.run(ParentRunner.java:363)
	at org.junit.runners.Suite.runChild(Suite.java:128)
	at org.junit.runners.Suite.runChild(Suite.java:27)
	at org.junit.runners.ParentRunner$3.run(ParentRunner.java:290)
	at org.junit.runners.ParentRunner$1.schedule(ParentRunner.java:71)
	at org.junit.runners.ParentRunner.runChildren(ParentRunner.java:288)
	at org.junit.runners.ParentRunner.access$000(ParentRunner.java:58)
	at org.junit.runners.ParentRunner$2.evaluate(ParentRunner.java:268)
	at org.junit.runners.ParentRunner.run(ParentRunner.java:363)
	at org.apache.maven.surefire.junitcore.JUnitCore.run(JUnitCore.java:55)
	at org.apache.maven.surefire.junitcore.JUnitCoreWrapper.createRequestAndRun(JUnitCoreWrapper.java:137)
	at org.apache.maven.surefire.junitcore.JUnitCoreWrapper.executeEager(JUnitCoreWrapper.java:107)
	at org.apache.maven.surefire.junitcore.JUnitCoreWrapper.execute(JUnitCoreWrapper.java:83)
	at org.apache.maven.surefire.junitcore.JUnitCoreWrapper.execute(JUnitCoreWrapper.java:75)
	at org.apache.maven.surefire.junitcore.JUnitCoreProvider.invoke(JUnitCoreProvider.java:158)
	at org.apache.maven.surefire.booter.ForkedBooter.invokeProviderInSameClassLoader(ForkedBooter.java:383)
	at org.apache.maven.surefire.booter.ForkedBooter.runSuitesInProcess(ForkedBooter.java:344)
	at org.apache.maven.surefire.booter.ForkedBooter.execute(ForkedBooter.java:125)
	at org.apache.maven.surefire.booter.ForkedBooter.main(ForkedBooter.java:417)

Oct 03, 2018 5:14:53 PM org.jboss.as.controller.AbstractOperationContext executeStep
ERROR: WFLYCTL0013: Operation ("write-attribute") failed - address: ([("core-service" => "vault")])
java.lang.IllegalArgumentException
	at org.jboss.dmr.ModelValue.asPropertyList(ModelValue.java:103)
	at org.jboss.dmr.ListModelValue.asPropertyList(ListModelValue.java:145)
	at org.jboss.dmr.ModelNode.asPropertyList(ModelNode.java:529)
	at org.jboss.as.controller.MapAttributeDefinition$1.correct(MapAttributeDefinition.java:208)
	at org.jboss.as.controller.AttributeDefinition.correctValue(AttributeDefinition.java:1164)
	at org.jboss.as.controller.AttributeDefinition.validateAndSet(AttributeDefinition.java:510)
	at org.jboss.as.controller.AbstractWriteAttributeHandler.execute(AbstractWriteAttributeHandler.java:87)
	at org.jboss.as.controller.operations.global.WriteAttributeHandler.doExecuteInternal(WriteAttributeHandler.java:194)
	at org.jboss.as.controller.operations.global.WriteAttributeHandler.execute(WriteAttributeHandler.java:115)
	at org.jboss.as.controller.AbstractOperationContext.executeStep(AbstractOperationContext.java:999)
	at org.jboss.as.controller.AbstractOperationContext.processStages(AbstractOperationContext.java:743)
	at org.jboss.as.controller.AbstractOperationContext.executeOperation(AbstractOperationContext.java:467)
	at org.jboss.as.controller.OperationContextImpl.executeOperation(OperationContextImpl.java:1411)
	at org.jboss.as.controller.ModelControllerImpl.internalExecute(ModelControllerImpl.java:423)
	at org.jboss.as.controller.ModelControllerImpl.lambda$execute$0(ModelControllerImpl.java:227)
	at org.jboss.as.controller.ModelControllerImpl$$Lambda$49.00000000B15535C0.run(Unknown Source)
	at org.wildfly.security.auth.server.SecurityIdentity$$Lambda$50.00000000B129C510.run(Unknown Source)
	at org.wildfly.security.auth.server.SecurityIdentity.runAs(SecurityIdentity.java:289)
	at org.wildfly.security.auth.server.SecurityIdentity.runAs(SecurityIdentity.java:255)
	at org.jboss.as.controller.ModelControllerImpl.execute(ModelControllerImpl.java:227)
	at org.jboss.as.model.test.ModelTestKernelServicesImpl.executeOperation(ModelTestKernelServicesImpl.java:230)
	at org.jboss.as.model.test.ModelTestKernelServicesImpl.executeOperation(ModelTestKernelServicesImpl.java:206)
	at org.jboss.as.model.test.ModelTestKernelServicesImpl.executeForResult(ModelTestKernelServicesImpl.java:235)
	at org.jboss.as.model.test.ModelTestKernelServicesImpl.executeForFailure(ModelTestKernelServicesImpl.java:253)
	at org.jboss.as.core.model.test.vault.AbstractVaultTest.testWriteVaultAttributes(AbstractVaultTest.java:136)
	at sun.reflect.NativeMethodAccessorImpl.invoke0(Native Method)
	at sun.reflect.NativeMethodAccessorImpl.invoke(NativeMethodAccessorImpl.java:90)
	at sun.reflect.DelegatingMethodAccessorImpl.invoke(DelegatingMethodAccessorImpl.java:55)
	at java.lang.reflect.Method.invoke(Method.java:508)
	at org.junit.runners.model.FrameworkMethod$1.runReflectiveCall(FrameworkMethod.java:50)
	at org.junit.internal.runners.model.ReflectiveCallable.run(ReflectiveCallable.java:12)
	at org.junit.runners.model.FrameworkMethod.invokeExplosively(FrameworkMethod.java:47)
	at org.junit.internal.runners.statements.InvokeMethod.evaluate(InvokeMethod.java:17)
	at org.junit.internal.runners.statements.RunBefores.evaluate(RunBefores.java:26)
	at org.junit.internal.runners.statements.RunAfters.evaluate(RunAfters.java:27)
	at org.junit.runners.ParentRunner.runLeaf(ParentRunner.java:325)
	at org.junit.runners.BlockJUnit4ClassRunner.runChild(BlockJUnit4ClassRunner.java:78)
	at org.junit.runners.BlockJUnit4ClassRunner.runChild(BlockJUnit4ClassRunner.java:57)
	at org.junit.runners.ParentRunner$3.run(ParentRunner.java:290)
	at org.junit.runners.ParentRunner$1.schedule(ParentRunner.java:71)
	at org.junit.runners.ParentRunner.runChildren(ParentRunner.java:288)
	at org.junit.runners.ParentRunner.access$000(ParentRunner.java:58)
	at org.junit.runners.ParentRunner$2.evaluate(ParentRunner.java:268)
	at org.junit.runners.ParentRunner.run(ParentRunner.java:363)
	at org.junit.runners.Suite.runChild(Suite.java:128)
	at org.junit.runners.Suite.runChild(Suite.java:27)
	at org.junit.runners.ParentRunner$3.run(ParentRunner.java:290)
	at org.junit.runners.ParentRunner$1.schedule(ParentRunner.java:71)
	at org.junit.runners.ParentRunner.runChildren(ParentRunner.java:288)
	at org.junit.runners.ParentRunner.access$000(ParentRunner.java:58)
	at org.junit.runners.ParentRunner$2.evaluate(ParentRunner.java:268)
	at org.junit.runners.ParentRunner.run(ParentRunner.java:363)
	at org.apache.maven.surefire.junitcore.JUnitCore.run(JUnitCore.java:55)
	at org.apache.maven.surefire.junitcore.JUnitCoreWrapper.createRequestAndRun(JUnitCoreWrapper.java:137)
	at org.apache.maven.surefire.junitcore.JUnitCoreWrapper.executeEager(JUnitCoreWrapper.java:107)
	at org.apache.maven.surefire.junitcore.JUnitCoreWrapper.execute(JUnitCoreWrapper.java:83)
	at org.apache.maven.surefire.junitcore.JUnitCoreWrapper.execute(JUnitCoreWrapper.java:75)
	at org.apache.maven.surefire.junitcore.JUnitCoreProvider.invoke(JUnitCoreProvider.java:158)
	at org.apache.maven.surefire.booter.ForkedBooter.invokeProviderInSameClassLoader(ForkedBooter.java:383)
	at org.apache.maven.surefire.booter.ForkedBooter.runSuitesInProcess(ForkedBooter.java:344)
	at org.apache.maven.surefire.booter.ForkedBooter.execute(ForkedBooter.java:125)
	at org.apache.maven.surefire.booter.ForkedBooter.main(ForkedBooter.java:417)

Oct 03, 2018 5:14:53 PM org.jboss.as.server.ServerEnvironment <init>
ERROR: WFLYSRV0024: Cannot add module 'org.jboss.vfs' as URLStreamHandlerFactory provider
org.jboss.modules.ModuleNotFoundException: org.jboss.vfs
	at org.jboss.modules.ModuleLoader.loadModule(ModuleLoader.java:294)
	at org.jboss.as.server.ServerEnvironment.<init>(ServerEnvironment.java:629)
	at org.jboss.as.server.ServerEnvironment.<init>(ServerEnvironment.java:335)
	at org.jboss.as.core.model.test.TestModelControllerService.createStandaloneServerEnvironment(TestModelControllerService.java:212)
	at org.jboss.as.core.model.test.TestModelControllerService.access$400(TestModelControllerService.java:111)
	at org.jboss.as.core.model.test.TestModelControllerService$ServerInitializer.<init>(TestModelControllerService.java:410)
	at org.jboss.as.core.model.test.TestModelControllerService$ServerInitializer.<init>(TestModelControllerService.java:408)
	at org.jboss.as.core.model.test.TestModelControllerService.<init>(TestModelControllerService.java:141)
	at org.jboss.as.core.model.test.TestModelControllerService.create(TestModelControllerService.java:151)
	at org.jboss.as.core.model.test.AbstractKernelServicesImpl$StandardTestModelControllerServiceFactory.create(AbstractKernelServicesImpl.java:168)
	at org.jboss.as.core.model.test.AbstractKernelServicesImpl.create(AbstractKernelServicesImpl.java:112)
	at org.jboss.as.core.model.test.CoreModelTestDelegate$KernelServicesBuilderImpl.build(CoreModelTestDelegate.java:534)
	at org.jboss.as.core.model.test.vault.StandaloneVaultTestCase.createEmptyRoot(StandaloneVaultTestCase.java:119)
	at org.jboss.as.core.model.test.vault.AbstractVaultTest.testAddAndRemoveEmptyVault(AbstractVaultTest.java:60)
	at sun.reflect.NativeMethodAccessorImpl.invoke0(Native Method)
	at sun.reflect.NativeMethodAccessorImpl.invoke(NativeMethodAccessorImpl.java:90)
	at sun.reflect.DelegatingMethodAccessorImpl.invoke(DelegatingMethodAccessorImpl.java:55)
	at java.lang.reflect.Method.invoke(Method.java:508)
	at org.junit.runners.model.FrameworkMethod$1.runReflectiveCall(FrameworkMethod.java:50)
	at org.junit.internal.runners.model.ReflectiveCallable.run(ReflectiveCallable.java:12)
	at org.junit.runners.model.FrameworkMethod.invokeExplosively(FrameworkMethod.java:47)
	at org.junit.internal.runners.statements.InvokeMethod.evaluate(InvokeMethod.java:17)
	at org.junit.internal.runners.statements.RunBefores.evaluate(RunBefores.java:26)
	at org.junit.internal.runners.statements.RunAfters.evaluate(RunAfters.java:27)
	at org.junit.runners.ParentRunner.runLeaf(ParentRunner.java:325)
	at org.junit.runners.BlockJUnit4ClassRunner.runChild(BlockJUnit4ClassRunner.java:78)
	at org.junit.runners.BlockJUnit4ClassRunner.runChild(BlockJUnit4ClassRunner.java:57)
	at org.junit.runners.ParentRunner$3.run(ParentRunner.java:290)
	at org.junit.runners.ParentRunner$1.schedule(ParentRunner.java:71)
	at org.junit.runners.ParentRunner.runChildren(ParentRunner.java:288)
	at org.junit.runners.ParentRunner.access$000(ParentRunner.java:58)
	at org.junit.runners.ParentRunner$2.evaluate(ParentRunner.java:268)
	at org.junit.runners.ParentRunner.run(ParentRunner.java:363)
	at org.junit.runners.Suite.runChild(Suite.java:128)
	at org.junit.runners.Suite.runChild(Suite.java:27)
	at org.junit.runners.ParentRunner$3.run(ParentRunner.java:290)
	at org.junit.runners.ParentRunner$1.schedule(ParentRunner.java:71)
	at org.junit.runners.ParentRunner.runChildren(ParentRunner.java:288)
	at org.junit.runners.ParentRunner.access$000(ParentRunner.java:58)
	at org.junit.runners.ParentRunner$2.evaluate(ParentRunner.java:268)
	at org.junit.runners.ParentRunner.run(ParentRunner.java:363)
	at org.apache.maven.surefire.junitcore.JUnitCore.run(JUnitCore.java:55)
	at org.apache.maven.surefire.junitcore.JUnitCoreWrapper.createRequestAndRun(JUnitCoreWrapper.java:137)
	at org.apache.maven.surefire.junitcore.JUnitCoreWrapper.executeEager(JUnitCoreWrapper.java:107)
	at org.apache.maven.surefire.junitcore.JUnitCoreWrapper.execute(JUnitCoreWrapper.java:83)
	at org.apache.maven.surefire.junitcore.JUnitCoreWrapper.execute(JUnitCoreWrapper.java:75)
	at org.apache.maven.surefire.junitcore.JUnitCoreProvider.invoke(JUnitCoreProvider.java:158)
	at org.apache.maven.surefire.booter.ForkedBooter.invokeProviderInSameClassLoader(ForkedBooter.java:383)
	at org.apache.maven.surefire.booter.ForkedBooter.runSuitesInProcess(ForkedBooter.java:344)
	at org.apache.maven.surefire.booter.ForkedBooter.execute(ForkedBooter.java:125)
	at org.apache.maven.surefire.booter.ForkedBooter.main(ForkedBooter.java:417)

