Oct 03, 2018 5:12:32 PM org.jboss.msc.service.ServiceContainerImpl <clinit>
INFO: JBoss MSC version 1.4.5.Final
Oct 03, 2018 5:12:32 PM org.jboss.threads.Version <clinit>
INFO: JBoss Threads version 2.3.2.Final
Oct 03, 2018 5:12:32 PM org.jboss.as.server.ServerEnvironment <init>
ERROR: WFLYSRV0024: Cannot add module 'org.jboss.vfs' as URLStreamHandlerFactory provider
org.jboss.modules.ModuleNotFoundException: org.jboss.vfs
	at org.jboss.modules.ModuleLoader.loadModule(ModuleLoader.java:294)
	at org.jboss.as.server.ServerEnvironment.<init>(ServerEnvironment.java:629)
	at org.jboss.as.server.ServerEnvironment.<init>(ServerEnvironment.java:335)
	at org.jboss.as.core.model.test.TestModelControllerService.createStandaloneServerEnvironment(TestModelControllerService.java:212)
	at org.jboss.as.core.model.test.TestModelControllerService.access$400(TestModelControllerService.java:111)
	at org.jboss.as.core.model.test.TestModelControllerService$ServerInitializer.<init>(TestModelControllerService.java:410)
	at org.jboss.as.core.model.test.TestModelControllerService$ServerInitializer.<init>(TestModelControllerService.java:408)
	at org.jboss.as.core.model.test.TestModelControllerService.<init>(TestModelControllerService.java:141)
	at org.jboss.as.core.model.test.TestModelControllerService.create(TestModelControllerService.java:151)
	at org.jboss.as.core.model.test.AbstractKernelServicesImpl$StandardTestModelControllerServiceFactory.create(AbstractKernelServicesImpl.java:168)
	at org.jboss.as.core.model.test.AbstractKernelServicesImpl.create(AbstractKernelServicesImpl.java:112)
	at org.jboss.as.core.model.test.CoreModelTestDelegate$KernelServicesBuilderImpl.build(CoreModelTestDelegate.java:534)
	at org.jboss.as.core.model.test.paths.AbstractSpecifiedPathsTestCase.testPaths(AbstractSpecifiedPathsTestCase.java:60)
	at sun.reflect.NativeMethodAccessorImpl.invoke0(Native Method)
	at sun.reflect.NativeMethodAccessorImpl.invoke(NativeMethodAccessorImpl.java:90)
	at sun.reflect.DelegatingMethodAccessorImpl.invoke(DelegatingMethodAccessorImpl.java:55)
	at java.lang.reflect.Method.invoke(Method.java:508)
	at org.junit.runners.model.FrameworkMethod$1.runReflectiveCall(FrameworkMethod.java:50)
	at org.junit.internal.runners.model.ReflectiveCallable.run(ReflectiveCallable.java:12)
	at org.junit.runners.model.FrameworkMethod.invokeExplosively(FrameworkMethod.java:47)
	at org.junit.internal.runners.statements.InvokeMethod.evaluate(InvokeMethod.java:17)
	at org.junit.internal.runners.statements.RunBefores.evaluate(RunBefores.java:26)
	at org.junit.internal.runners.statements.RunAfters.evaluate(RunAfters.java:27)
	at org.junit.runners.ParentRunner.runLeaf(ParentRunner.java:325)
	at org.junit.runners.BlockJUnit4ClassRunner.runChild(BlockJUnit4ClassRunner.java:78)
	at org.junit.runners.BlockJUnit4ClassRunner.runChild(BlockJUnit4ClassRunner.java:57)
	at org.junit.runners.ParentRunner$3.run(ParentRunner.java:290)
	at org.junit.runners.ParentRunner$1.schedule(ParentRunner.java:71)
	at org.junit.runners.ParentRunner.runChildren(ParentRunner.java:288)
	at org.junit.runners.ParentRunner.access$000(ParentRunner.java:58)
	at org.junit.runners.ParentRunner$2.evaluate(ParentRunner.java:268)
	at org.junit.runners.ParentRunner.run(ParentRunner.java:363)
	at org.junit.runners.Suite.runChild(Suite.java:128)
	at org.junit.runners.Suite.runChild(Suite.java:27)
	at org.junit.runners.ParentRunner$3.run(ParentRunner.java:290)
	at org.junit.runners.ParentRunner$1.schedule(ParentRunner.java:71)
	at org.junit.runners.ParentRunner.runChildren(ParentRunner.java:288)
	at org.junit.runners.ParentRunner.access$000(ParentRunner.java:58)
	at org.junit.runners.ParentRunner$2.evaluate(ParentRunner.java:268)
	at org.junit.runners.ParentRunner.run(ParentRunner.java:363)
	at org.apache.maven.surefire.junitcore.JUnitCore.run(JUnitCore.java:55)
	at org.apache.maven.surefire.junitcore.JUnitCoreWrapper.createRequestAndRun(JUnitCoreWrapper.java:137)
	at org.apache.maven.surefire.junitcore.JUnitCoreWrapper.executeEager(JUnitCoreWrapper.java:107)
	at org.apache.maven.surefire.junitcore.JUnitCoreWrapper.execute(JUnitCoreWrapper.java:83)
	at org.apache.maven.surefire.junitcore.JUnitCoreWrapper.execute(JUnitCoreWrapper.java:75)
	at org.apache.maven.surefire.junitcore.JUnitCoreProvider.invoke(JUnitCoreProvider.java:158)
	at org.apache.maven.surefire.booter.ForkedBooter.invokeProviderInSameClassLoader(ForkedBooter.java:383)
	at org.apache.maven.surefire.booter.ForkedBooter.runSuitesInProcess(ForkedBooter.java:344)
	at org.apache.maven.surefire.booter.ForkedBooter.execute(ForkedBooter.java:125)
	at org.apache.maven.surefire.booter.ForkedBooter.main(ForkedBooter.java:417)

Oct 03, 2018 5:12:33 PM org.jboss.as.controller.OperationContextImpl validateCapabilities
ERROR: WFLYCTL0362: Capabilities required by resource '/path=relative' are not available:
    org.wildfly.management.path.path; Possible registration points for this capability: 
		/path=*
Oct 03, 2018 5:12:33 PM org.jboss.as.controller.AbstractOperationContext executeStep
ERROR: WFLYCTL0013: Operation ("add") failed - address: ([("path" => "relative")]) - failure description: {
    "WFLYCTL0412: Required services that are not installed:" => ["jboss.server.path.path"],
    "WFLYCTL0180: Services with missing/unavailable dependencies" => ["jboss.server.path.relative is missing [jboss.server.path.path]"]
}
Oct 03, 2018 5:12:33 PM org.jboss.as.controller.ContainerStateMonitor logContainerStateChangesAndReset
INFO: WFLYCTL0183: Service status report
WFLYCTL0184:    New missing/unsatisfied dependencies:
      service jboss.server.path.path (missing) dependents: [service jboss.server.path.relative] 

Oct 03, 2018 5:12:33 PM org.jboss.as.server.ServerEnvironment <init>
ERROR: WFLYSRV0024: Cannot add module 'org.jboss.vfs' as URLStreamHandlerFactory provider
org.jboss.modules.ModuleNotFoundException: org.jboss.vfs
	at org.jboss.modules.ModuleLoader.loadModule(ModuleLoader.java:294)
	at org.jboss.as.server.ServerEnvironment.<init>(ServerEnvironment.java:629)
	at org.jboss.as.server.ServerEnvironment.<init>(ServerEnvironment.java:335)
	at org.jboss.as.core.model.test.TestModelControllerService.createStandaloneServerEnvironment(TestModelControllerService.java:212)
	at org.jboss.as.core.model.test.TestModelControllerService.access$400(TestModelControllerService.java:111)
	at org.jboss.as.core.model.test.TestModelControllerService$ServerInitializer.<init>(TestModelControllerService.java:410)
	at org.jboss.as.core.model.test.TestModelControllerService$ServerInitializer.<init>(TestModelControllerService.java:408)
	at org.jboss.as.core.model.test.TestModelControllerService.<init>(TestModelControllerService.java:141)
	at org.jboss.as.core.model.test.TestModelControllerService.create(TestModelControllerService.java:151)
	at org.jboss.as.core.model.test.AbstractKernelServicesImpl$StandardTestModelControllerServiceFactory.create(AbstractKernelServicesImpl.java:168)
	at org.jboss.as.core.model.test.AbstractKernelServicesImpl.create(AbstractKernelServicesImpl.java:112)
	at org.jboss.as.core.model.test.CoreModelTestDelegate$KernelServicesBuilderImpl.build(CoreModelTestDelegate.java:534)
	at org.jboss.as.core.model.test.paths.AbstractSpecifiedPathsTestCase.testPaths(AbstractSpecifiedPathsTestCase.java:69)
	at sun.reflect.NativeMethodAccessorImpl.invoke0(Native Method)
	at sun.reflect.NativeMethodAccessorImpl.invoke(NativeMethodAccessorImpl.java:90)
	at sun.reflect.DelegatingMethodAccessorImpl.invoke(DelegatingMethodAccessorImpl.java:55)
	at java.lang.reflect.Method.invoke(Method.java:508)
	at org.junit.runners.model.FrameworkMethod$1.runReflectiveCall(FrameworkMethod.java:50)
	at org.junit.internal.runners.model.ReflectiveCallable.run(ReflectiveCallable.java:12)
	at org.junit.runners.model.FrameworkMethod.invokeExplosively(FrameworkMethod.java:47)
	at org.junit.internal.runners.statements.InvokeMethod.evaluate(InvokeMethod.java:17)
	at org.junit.internal.runners.statements.RunBefores.evaluate(RunBefores.java:26)
	at org.junit.internal.runners.statements.RunAfters.evaluate(RunAfters.java:27)
	at org.junit.runners.ParentRunner.runLeaf(ParentRunner.java:325)
	at org.junit.runners.BlockJUnit4ClassRunner.runChild(BlockJUnit4ClassRunner.java:78)
	at org.junit.runners.BlockJUnit4ClassRunner.runChild(BlockJUnit4ClassRunner.java:57)
	at org.junit.runners.ParentRunner$3.run(ParentRunner.java:290)
	at org.junit.runners.ParentRunner$1.schedule(ParentRunner.java:71)
	at org.junit.runners.ParentRunner.runChildren(ParentRunner.java:288)
	at org.junit.runners.ParentRunner.access$000(ParentRunner.java:58)
	at org.junit.runners.ParentRunner$2.evaluate(ParentRunner.java:268)
	at org.junit.runners.ParentRunner.run(ParentRunner.java:363)
	at org.junit.runners.Suite.runChild(Suite.java:128)
	at org.junit.runners.Suite.runChild(Suite.java:27)
	at org.junit.runners.ParentRunner$3.run(ParentRunner.java:290)
	at org.junit.runners.ParentRunner$1.schedule(ParentRunner.java:71)
	at org.junit.runners.ParentRunner.runChildren(ParentRunner.java:288)
	at org.junit.runners.ParentRunner.access$000(ParentRunner.java:58)
	at org.junit.runners.ParentRunner$2.evaluate(ParentRunner.java:268)
	at org.junit.runners.ParentRunner.run(ParentRunner.java:363)
	at org.apache.maven.surefire.junitcore.JUnitCore.run(JUnitCore.java:55)
	at org.apache.maven.surefire.junitcore.JUnitCoreWrapper.createRequestAndRun(JUnitCoreWrapper.java:137)
	at org.apache.maven.surefire.junitcore.JUnitCoreWrapper.executeEager(JUnitCoreWrapper.java:107)
	at org.apache.maven.surefire.junitcore.JUnitCoreWrapper.execute(JUnitCoreWrapper.java:83)
	at org.apache.maven.surefire.junitcore.JUnitCoreWrapper.execute(JUnitCoreWrapper.java:75)
	at org.apache.maven.surefire.junitcore.JUnitCoreProvider.invoke(JUnitCoreProvider.java:158)
	at org.apache.maven.surefire.booter.ForkedBooter.invokeProviderInSameClassLoader(ForkedBooter.java:383)
	at org.apache.maven.surefire.booter.ForkedBooter.runSuitesInProcess(ForkedBooter.java:344)
	at org.apache.maven.surefire.booter.ForkedBooter.execute(ForkedBooter.java:125)
	at org.apache.maven.surefire.booter.ForkedBooter.main(ForkedBooter.java:417)

Oct 03, 2018 5:12:33 PM org.jboss.as.controller.OperationContextImpl validateCapabilities
ERROR: WFLYCTL0362: Capabilities required by resource '/path=relative' are not available:
    org.wildfly.management.path.path; Possible registration points for this capability: 
		/path=*
Oct 03, 2018 5:12:33 PM org.jboss.as.controller.AbstractOperationContext executeStep
ERROR: WFLYCTL0013: Operation ("add") failed - address: ([("path" => "relative")]) - failure description: {
    "WFLYCTL0412: Required services that are not installed:" => ["jboss.server.path.path"],
    "WFLYCTL0180: Services with missing/unavailable dependencies" => ["jboss.server.path.relative is missing [jboss.server.path.path]"]
}
Oct 03, 2018 5:12:33 PM org.jboss.as.controller.ContainerStateMonitor logContainerStateChangesAndReset
INFO: WFLYCTL0183: Service status report
WFLYCTL0184:    New missing/unsatisfied dependencies:
      service jboss.server.path.path (missing) dependents: [service jboss.server.path.relative] 

Oct 03, 2018 5:12:33 PM org.jboss.as.server.ServerEnvironment <init>
ERROR: WFLYSRV0024: Cannot add module 'org.jboss.vfs' as URLStreamHandlerFactory provider
org.jboss.modules.ModuleNotFoundException: org.jboss.vfs
	at org.jboss.modules.ModuleLoader.loadModule(ModuleLoader.java:294)
	at org.jboss.as.server.ServerEnvironment.<init>(ServerEnvironment.java:629)
	at org.jboss.as.server.ServerEnvironment.<init>(ServerEnvironment.java:335)
	at org.jboss.as.core.model.test.TestModelControllerService.createStandaloneServerEnvironment(TestModelControllerService.java:212)
	at org.jboss.as.core.model.test.TestModelControllerService.access$400(TestModelControllerService.java:111)
	at org.jboss.as.core.model.test.TestModelControllerService$ServerInitializer.<init>(TestModelControllerService.java:410)
	at org.jboss.as.core.model.test.TestModelControllerService$ServerInitializer.<init>(TestModelControllerService.java:408)
	at org.jboss.as.core.model.test.TestModelControllerService.<init>(TestModelControllerService.java:141)
	at org.jboss.as.core.model.test.TestModelControllerService.create(TestModelControllerService.java:151)
	at org.jboss.as.core.model.test.AbstractKernelServicesImpl$StandardTestModelControllerServiceFactory.create(AbstractKernelServicesImpl.java:168)
	at org.jboss.as.core.model.test.AbstractKernelServicesImpl.create(AbstractKernelServicesImpl.java:112)
	at org.jboss.as.core.model.test.CoreModelTestDelegate$KernelServicesBuilderImpl.build(CoreModelTestDelegate.java:534)
	at org.jboss.as.core.model.test.paths.AbstractSpecifiedPathsTestCase.testEmptyPath(AbstractSpecifiedPathsTestCase.java:77)
	at sun.reflect.NativeMethodAccessorImpl.invoke0(Native Method)
	at sun.reflect.NativeMethodAccessorImpl.invoke(NativeMethodAccessorImpl.java:90)
	at sun.reflect.DelegatingMethodAccessorImpl.invoke(DelegatingMethodAccessorImpl.java:55)
	at java.lang.reflect.Method.invoke(Method.java:508)
	at org.junit.runners.model.FrameworkMethod$1.runReflectiveCall(FrameworkMethod.java:50)
	at org.junit.internal.runners.model.ReflectiveCallable.run(ReflectiveCallable.java:12)
	at org.junit.runners.model.FrameworkMethod.invokeExplosively(FrameworkMethod.java:47)
	at org.junit.internal.runners.statements.InvokeMethod.evaluate(InvokeMethod.java:17)
	at org.junit.internal.runners.statements.RunBefores.evaluate(RunBefores.java:26)
	at org.junit.internal.runners.statements.RunAfters.evaluate(RunAfters.java:27)
	at org.junit.runners.ParentRunner.runLeaf(ParentRunner.java:325)
	at org.junit.runners.BlockJUnit4ClassRunner.runChild(BlockJUnit4ClassRunner.java:78)
	at org.junit.runners.BlockJUnit4ClassRunner.runChild(BlockJUnit4ClassRunner.java:57)
	at org.junit.runners.ParentRunner$3.run(ParentRunner.java:290)
	at org.junit.runners.ParentRunner$1.schedule(ParentRunner.java:71)
	at org.junit.runners.ParentRunner.runChildren(ParentRunner.java:288)
	at org.junit.runners.ParentRunner.access$000(ParentRunner.java:58)
	at org.junit.runners.ParentRunner$2.evaluate(ParentRunner.java:268)
	at org.junit.runners.ParentRunner.run(ParentRunner.java:363)
	at org.junit.runners.Suite.runChild(Suite.java:128)
	at org.junit.runners.Suite.runChild(Suite.java:27)
	at org.junit.runners.ParentRunner$3.run(ParentRunner.java:290)
	at org.junit.runners.ParentRunner$1.schedule(ParentRunner.java:71)
	at org.junit.runners.ParentRunner.runChildren(ParentRunner.java:288)
	at org.junit.runners.ParentRunner.access$000(ParentRunner.java:58)
	at org.junit.runners.ParentRunner$2.evaluate(ParentRunner.java:268)
	at org.junit.runners.ParentRunner.run(ParentRunner.java:363)
	at org.apache.maven.surefire.junitcore.JUnitCore.run(JUnitCore.java:55)
	at org.apache.maven.surefire.junitcore.JUnitCoreWrapper.createRequestAndRun(JUnitCoreWrapper.java:137)
	at org.apache.maven.surefire.junitcore.JUnitCoreWrapper.executeEager(JUnitCoreWrapper.java:107)
	at org.apache.maven.surefire.junitcore.JUnitCoreWrapper.execute(JUnitCoreWrapper.java:83)
	at org.apache.maven.surefire.junitcore.JUnitCoreWrapper.execute(JUnitCoreWrapper.java:75)
	at org.apache.maven.surefire.junitcore.JUnitCoreProvider.invoke(JUnitCoreProvider.java:158)
	at org.apache.maven.surefire.booter.ForkedBooter.invokeProviderInSameClassLoader(ForkedBooter.java:383)
	at org.apache.maven.surefire.booter.ForkedBooter.runSuitesInProcess(ForkedBooter.java:344)
	at org.apache.maven.surefire.booter.ForkedBooter.execute(ForkedBooter.java:125)
	at org.apache.maven.surefire.booter.ForkedBooter.main(ForkedBooter.java:417)

