<?xml version="1.0" encoding="UTF-8"?>
<testsuite xmlns:xsi="http://www.w3.org/2001/XMLSchema-instance" xsi:noNamespaceSchemaLocation="https://maven.apache.org/surefire/maven-surefire-plugin/xsd/surefire-test-report.xsd" name="org.wildfly.extension.elytron.RealmsTestCase" time="4.435" tests="6" errors="0" skipped="1" failures="0">
  <properties>
[...]
</properties>
  <testcase name="testJwtRealm" classname="org.wildfly.extension.elytron.RealmsTestCase" time="2.86"/>
  <testcase name="testFilesystemRealm" classname="org.wildfly.extension.elytron.RealmsTestCase" time="0.421"/>
  <testcase name="testOAuth2Realm" classname="org.wildfly.extension.elytron.RealmsTestCase" time="0.259"/>
  <testcase name="testPropertyRealm" classname="org.wildfly.extension.elytron.RealmsTestCase" time="0.238"/>
  <testcase name="testSubsystem" classname="org.wildfly.extension.elytron.RealmsTestCase" time="0.651"/>
  <testcase name="testSchema" classname="org.wildfly.extension.elytron.RealmsTestCase" time="0">
    <skipped message="getSubsystemXsdPath() has been overridden to disable the validation of the subsystem templates"/>
  </testcase>
</testsuite>