<?xml version="1.0" encoding="UTF-8"?>
<testsuite xmlns:xsi="http://www.w3.org/2001/XMLSchema-instance" xsi:noNamespaceSchemaLocation="https://maven.apache.org/surefire/maven-surefire-plugin/xsd/surefire-test-report.xsd" name="org.jboss.as.test.integration.domain.rbac.PropertiesRoleMappingStandardRolesTestCase" time="9.849" tests="7" errors="0" skipped="0" failures="0">
  <properties>
[...]
</properties>
  <testcase name="testAuditor" classname="org.jboss.as.test.integration.domain.rbac.PropertiesRoleMappingStandardRolesTestCase" time="1.168"/>
  <testcase name="testOperator" classname="org.jboss.as.test.integration.domain.rbac.PropertiesRoleMappingStandardRolesTestCase" time="3.628"/>
  <testcase name="testSuperUser" classname="org.jboss.as.test.integration.domain.rbac.PropertiesRoleMappingStandardRolesTestCase" time="0.869"/>
  <testcase name="testMaintainer" classname="org.jboss.as.test.integration.domain.rbac.PropertiesRoleMappingStandardRolesTestCase" time="0.632"/>
  <testcase name="testMonitor" classname="org.jboss.as.test.integration.domain.rbac.PropertiesRoleMappingStandardRolesTestCase" time="0.22"/>
  <testcase name="testAdministrator" classname="org.jboss.as.test.integration.domain.rbac.PropertiesRoleMappingStandardRolesTestCase" time="0.853"/>
  <testcase name="testDeployer" classname="org.jboss.as.test.integration.domain.rbac.PropertiesRoleMappingStandardRolesTestCase" time="0.478"/>
</testsuite>